#
# There is insufficient memory for the Java Runtime Environment to continue.
# Native memory allocation (mmap) failed to map 115343360 bytes for Failed to commit area from 0x0000000096c00000 to 0x000000009da00000 of length 115343360.
# Possible reasons:
#   The system is out of physical RAM or swap space
#   The process is running with CompressedOops enabled, and the Java Heap may be blocking the growth of the native heap
# Possible solutions:
#   Reduce memory load on the system
#   Increase physical memory or swap space
#   Check if swap backing store is full
#   Decrease Java heap size (-Xmx/-Xms)
#   Decrease number of Java threads
#   Decrease Java thread stack sizes (-Xss)
#   Set larger code cache with -XX:ReservedCodeCacheSize=
#   JVM is running with Unscaled Compressed Oops mode in which the Java heap is
#     placed in the first 4GB address space. The Java Heap base address is the
#     maximum limit for the native heap growth. Please use -XX:HeapBaseMinAddress
#     to set the Java Heap base and to place the Java Heap above 4GB virtual address.
# This output file may be truncated or incomplete.
#
#  Out of Memory Error (./src/hotspot/os/windows/os_windows.cpp:3301), pid=12296, tid=1984
#
# JRE version: OpenJDK Runtime Environment (11.0.10) (build 11.0.10+0-b96-7249189)
# Java VM: OpenJDK 64-Bit Server VM (11.0.10+0-b96-7249189, mixed mode, tiered, compressed oops, g1 gc, windows-amd64)
# No core dump will be written. Minidumps are not enabled by default on client versions of Windows
#

---------------  S U M M A R Y ------------

Command Line: --add-opens=java.base/java.util=ALL-UNNAMED --add-opens=java.base/java.lang=ALL-UNNAMED --add-opens=java.base/java.lang.invoke=ALL-UNNAMED --add-opens=java.base/java.util=ALL-UNNAMED --add-opens=java.prefs/java.util.prefs=ALL-UNNAMED --add-opens=java.prefs/java.util.prefs=ALL-UNNAMED --add-opens=java.base/java.nio.charset=ALL-UNNAMED --add-opens=java.base/java.net=ALL-UNNAMED --add-opens=java.base/java.util.concurrent.atomic=ALL-UNNAMED -Xmx2048m -Dfile.encoding=UTF-8 -Duser.country=US -Duser.language=en -Duser.variant org.gradle.launcher.daemon.bootstrap.GradleDaemon 7.0.2

Host: Intel(R) Core(TM) i3-4150 CPU @ 3.50GHz, 4 cores, 7G,  Windows 10 , 64 bit Build 19041 (10.0.19041.1348)
Time: Sat Nov 20 14:16:17 2021 GMT Standard Time elapsed time: 4171.964910 seconds (0d 1h 9m 31s)

---------------  T H R E A D  ---------------

Current thread (0x000001e1ffca7000):  VMThread "VM Thread" [stack: 0x0000004b46c00000,0x0000004b46d00000] [id=1984]

Stack: [0x0000004b46c00000,0x0000004b46d00000]
[error occurred during error reporting (printing stack bounds), id 0xc0000005, EXCEPTION_ACCESS_VIOLATION (0xc0000005) at pc=0x000001e180000f2d]

Native frames: (J=compiled Java code, j=interpreted, Vv=VM code, C=native code)
V  [jvm.dll+0x5ecfaa]
V  [jvm.dll+0x722bd5]
V  [jvm.dll+0x72412d]
V  [jvm.dll+0x724745]
V  [jvm.dll+0x7246fb]
V  [jvm.dll+0x5ec348]
V  [jvm.dll+0x5ecad8]
C  [ntdll.dll+0xa20cf]
C  [ntdll.dll+0x51454]
C  [ntdll.dll+0xa0bfe]
C  0x000001e180000f2d

VM_Operation (0x0000004b4b7fd2c0): G1CollectForAllocation, mode: safepoint, requested by thread 0x000001e1a0f7c800


---------------  P R O C E S S  ---------------

Threads class SMR info:
_java_thread_list=0x000001e1991937d0, length=75, elements={
0x000001e1f70dd000, 0x000001e1ffcae000, 0x000001e1ffcb1800, 0x000001e1ffcc7000,
0x000001e1ffcca800, 0x000001e1ffccd000, 0x000001e1ffccf800, 0x000001e1ffcdc000,
0x000001e1ffce1800, 0x000001e19199e000, 0x000001e19369c000, 0x000001e191a7a000,
0x000001e192555800, 0x000001e194633000, 0x000001e194633800, 0x000001e194632000,
0x000001e19462f800, 0x000001e194634800, 0x000001e195082800, 0x000001e195081800,
0x000001e195080000, 0x000001e195086800, 0x000001e195085000, 0x000001e19508d000,
0x000001e19508e000, 0x000001e1923e6800, 0x000001e1923ee800, 0x000001e1923e8000,
0x000001e19508a000, 0x000001e1923e4000, 0x000001e19508b800, 0x000001e1923e3000,
0x000001e19683d000, 0x000001e196833800, 0x000001e196839000, 0x000001e196838800,
0x000001e19683e000, 0x000001e1923e5000, 0x000001e195084000, 0x000001e196837800,
0x000001e196832800, 0x000001e196830000, 0x000001e196834000, 0x000001e196835000,
0x000001e19682f800, 0x000001e196836000, 0x000001e196836800, 0x000001e196831000,
0x000001e19683a000, 0x000001e19683b000, 0x000001e19683b800, 0x000001e19683c800,
0x000001e1923ea800, 0x000001e1923e9000, 0x000001e1923e9800, 0x000001e1923eb800,
0x000001e1923ec000, 0x000001e1923e7000, 0x000001e1923f2000, 0x000001e1923f1000,
0x000001e1923ed800, 0x000001e1923f0000, 0x000001e194635800, 0x000001e194636000,
0x000001e1923ed000, 0x000001e1a0f71000, 0x000001e1a0f76800, 0x000001e1a0f73800,
0x000001e1a0f72000, 0x000001e1a0f7a000, 0x000001e1a0f7b000, 0x000001e1a0f7b800,
0x000001e1a0f78800, 0x000001e1a0f7c800, 0x000001e1a0f7d000
}

Java Threads: ( => current thread )
  0x000001e1f70dd000 JavaThread "main" [_thread_blocked, id=1524, stack(0x0000004b46600000,0x0000004b46700000)]
  0x000001e1ffcae000 JavaThread "Reference Handler" daemon [_thread_blocked, id=13336, stack(0x0000004b46d00000,0x0000004b46e00000)]
  0x000001e1ffcb1800 JavaThread "Finalizer" daemon [_thread_blocked, id=14312, stack(0x0000004b46e00000,0x0000004b46f00000)]
  0x000001e1ffcc7000 JavaThread "Signal Dispatcher" daemon [_thread_blocked, id=12404, stack(0x0000004b46f00000,0x0000004b47000000)]
  0x000001e1ffcca800 JavaThread "Attach Listener" daemon [_thread_blocked, id=6964, stack(0x0000004b47000000,0x0000004b47100000)]
  0x000001e1ffccd000 JavaThread "Service Thread" daemon [_thread_blocked, id=3140, stack(0x0000004b47100000,0x0000004b47200000)]
  0x000001e1ffccf800 JavaThread "C2 CompilerThread0" daemon [_thread_blocked, id=11668, stack(0x0000004b47200000,0x0000004b47300000)]
  0x000001e1ffcdc000 JavaThread "C1 CompilerThread0" daemon [_thread_blocked, id=7144, stack(0x0000004b47300000,0x0000004b47400000)]
  0x000001e1ffce1800 JavaThread "Sweeper thread" daemon [_thread_blocked, id=8368, stack(0x0000004b47400000,0x0000004b47500000)]
  0x000001e19199e000 JavaThread "Common-Cleaner" daemon [_thread_blocked, id=2364, stack(0x0000004b47500000,0x0000004b47600000)]
  0x000001e19369c000 JavaThread "Daemon health stats" [_thread_blocked, id=1772, stack(0x0000004b47a00000,0x0000004b47b00000)]
  0x000001e191a7a000 JavaThread "Incoming local TCP Connector on port 7961" [_thread_in_native, id=1260, stack(0x0000004b47700000,0x0000004b47800000)]
  0x000001e192555800 JavaThread "Daemon periodic checks" [_thread_blocked, id=7656, stack(0x0000004b47b00000,0x0000004b47c00000)]
  0x000001e194633000 JavaThread "Cache worker for file hash cache (C:\Users\sohel\.gradle\caches\7.0.2\fileHashes)" [_thread_blocked, id=13568, stack(0x0000004b48300000,0x0000004b48400000)]
  0x000001e194633800 JavaThread "File lock request listener" [_thread_in_native, id=6156, stack(0x0000004b48400000,0x0000004b48500000)]
  0x000001e194632000 JavaThread "Cache worker for journal cache (C:\Users\sohel\.gradle\caches\journal-1)" [_thread_blocked, id=10044, stack(0x0000004b48600000,0x0000004b48700000)]
  0x000001e19462f800 JavaThread "File watcher server" daemon [_thread_blocked, id=8244, stack(0x0000004b48900000,0x0000004b48a00000)]
  0x000001e194634800 JavaThread "File watcher consumer" daemon [_thread_blocked, id=9328, stack(0x0000004b48a00000,0x0000004b48b00000)]
  0x000001e195082800 JavaThread "Cache worker for execution history cache (C:\Users\sohel\.gradle\caches\7.0.2\executionHistory)" [_thread_blocked, id=6280, stack(0x0000004b48e00000,0x0000004b48f00000)]
  0x000001e195081800 JavaThread "jar transforms" [_thread_blocked, id=10756, stack(0x0000004b48f00000,0x0000004b49000000)]
  0x000001e195080000 JavaThread "jar transforms Thread 2" [_thread_blocked, id=7752, stack(0x0000004b49000000,0x0000004b49100000)]
  0x000001e195086800 JavaThread "Cache worker for file content cache (C:\Users\sohel\.gradle\caches\7.0.2\fileContent)" [_thread_blocked, id=11520, stack(0x0000004b49100000,0x0000004b49200000)]
  0x000001e195085000 JavaThread "jar transforms Thread 3" [_thread_blocked, id=10776, stack(0x0000004b49300000,0x0000004b49400000)]
  0x000001e19508d000 JavaThread "jar transforms Thread 4" [_thread_blocked, id=8120, stack(0x0000004b49900000,0x0000004b49a00000)]
  0x000001e19508e000 JavaThread "Memory manager" [_thread_blocked, id=1732, stack(0x0000004b49a00000,0x0000004b49b00000)]
  0x000001e1923e6800 JavaThread "pool-3-thread-1" [_thread_blocked, id=7140, stack(0x0000004b49c00000,0x0000004b49d00000)]
  0x000001e1923ee800 JavaThread "Cache worker for Java compile cache (C:\Users\sohel\.gradle\caches\7.0.2\javaCompile)" [_thread_blocked, id=1500, stack(0x0000004b4a700000,0x0000004b4a800000)]
  0x000001e1923e8000 JavaThread "pool-8-thread-1" [_thread_blocked, id=8308, stack(0x0000004b49700000,0x0000004b49800000)]
  0x000001e19508a000 JavaThread "pool-11-thread-1" [_thread_blocked, id=5652, stack(0x0000004b49800000,0x0000004b49900000)]
  0x000001e1923e4000 JavaThread "pool-15-thread-1" [_thread_blocked, id=7556, stack(0x0000004b49d00000,0x0000004b49e00000)]
  0x000001e19508b800 JavaThread "pool-18-thread-1" [_thread_blocked, id=1760, stack(0x0000004b49600000,0x0000004b49700000)]
  0x000001e1923e3000 JavaThread "pool-22-thread-1" [_thread_blocked, id=10264, stack(0x0000004b49e00000,0x0000004b49f00000)]
  0x000001e19683d000 JavaThread "pool-27-thread-1" [_thread_blocked, id=9480, stack(0x0000004b49b00000,0x0000004b49c00000)]
  0x000001e196833800 JavaThread "pool-31-thread-1" [_thread_blocked, id=10556, stack(0x0000004b49f00000,0x0000004b4a000000)]
  0x000001e196839000 JavaThread "pool-35-thread-1" [_thread_blocked, id=11280, stack(0x0000004b4a100000,0x0000004b4a200000)]
  0x000001e196838800 JavaThread "pool-40-thread-1" [_thread_blocked, id=13908, stack(0x0000004b4a000000,0x0000004b4a100000)]
  0x000001e19683e000 JavaThread "pool-44-thread-1" [_thread_blocked, id=4080, stack(0x0000004b4a200000,0x0000004b4a300000)]
  0x000001e1923e5000 JavaThread "pool-48-thread-1" [_thread_blocked, id=13400, stack(0x0000004b4a400000,0x0000004b4a500000)]
  0x000001e195084000 JavaThread "ForkJoinPool.commonPool-worker-1" daemon [_thread_blocked, id=5440, stack(0x0000004b49500000,0x0000004b49600000)]
  0x000001e196837800 JavaThread "pool-52-thread-1" [_thread_blocked, id=3080, stack(0x0000004b4a500000,0x0000004b4a600000)]
  0x000001e196832800 JavaThread "Daemon Thread 12" [_thread_blocked, id=10288, stack(0x0000004b46300000,0x0000004b46400000)]
  0x000001e196830000 JavaThread "Handler for socket connection from /127.0.0.1:7961 to /127.0.0.1:4070" [_thread_in_native, id=14164, stack(0x0000004b46400000,0x0000004b46500000)]
  0x000001e196834000 JavaThread "Cancel handler" [_thread_blocked, id=10160, stack(0x0000004b46500000,0x0000004b46600000)]
  0x000001e196835000 JavaThread "Daemon worker Thread 12" [_thread_blocked, id=13924, stack(0x0000004b47c00000,0x0000004b47d00000)]
  0x000001e19682f800 JavaThread "Asynchronous log dispatcher for DefaultDaemonConnection: socket connection from /127.0.0.1:7961 to /127.0.0.1:4070" [_thread_blocked, id=7548, stack(0x0000004b47d00000,0x0000004b47e00000)]
  0x000001e196836000 JavaThread "Stdin handler" [_thread_blocked, id=10132, stack(0x0000004b47e00000,0x0000004b47f00000)]
  0x000001e196836800 JavaThread "Daemon client event forwarder" [_thread_blocked, id=7592, stack(0x0000004b47f00000,0x0000004b48000000)]
  0x000001e196831000 JavaThread "Cache worker for file hash cache (E:\Work\Android\2021\MlmApplication\.gradle\7.0.2\fileHashes)" [_thread_blocked, id=7268, stack(0x0000004b48000000,0x0000004b48100000)]
  0x000001e19683a000 JavaThread "Cache worker for checksums cache (E:\Work\Android\2021\MlmApplication\.gradle\checksums)" [_thread_blocked, id=11160, stack(0x0000004b48100000,0x0000004b48200000)]
  0x000001e19683b000 JavaThread "Cache worker for cache directory md-supplier (C:\Users\sohel\.gradle\caches\7.0.2\md-supplier)" [_thread_blocked, id=8828, stack(0x0000004b48200000,0x0000004b48300000)]
  0x000001e19683b800 JavaThread "Cache worker for cache directory md-rule (C:\Users\sohel\.gradle\caches\7.0.2\md-rule)" [_thread_blocked, id=1060, stack(0x0000004b48700000,0x0000004b48800000)]
  0x000001e19683c800 JavaThread "Cache worker for dependencies-accessors (E:\Work\Android\2021\MlmApplication\.gradle\7.0.2\dependencies-accessors)" [_thread_blocked, id=13580, stack(0x0000004b48800000,0x0000004b48900000)]
  0x000001e1923ea800 JavaThread "Cache worker for Build Output Cleanup Cache (E:\Work\Android\2021\MlmApplication\.gradle\buildOutputCleanup)" [_thread_blocked, id=7068, stack(0x0000004b48b00000,0x0000004b48c00000)]
  0x000001e1923e9000 JavaThread "Build operations" [_thread_blocked, id=13616, stack(0x0000004b48d00000,0x0000004b48e00000)]
  0x000001e1923e9800 JavaThread "Build operations Thread 2" [_thread_blocked, id=6576, stack(0x0000004b49200000,0x0000004b49300000)]
  0x000001e1923eb800 JavaThread "Build operations Thread 3" [_thread_blocked, id=14224, stack(0x0000004b49400000,0x0000004b49500000)]
  0x000001e1923ec000 JavaThread "Build operations Thread 4" [_thread_blocked, id=7876, stack(0x0000004b4a300000,0x0000004b4a400000)]
  0x000001e1923e7000 JavaThread "build event listener" [_thread_blocked, id=7008, stack(0x0000004b4a600000,0x0000004b4a700000)]
  0x000001e1923f2000 JavaThread "pool-55-thread-1" [_thread_blocked, id=1896, stack(0x0000004b4a800000,0x0000004b4a900000)]
  0x000001e1923f1000 JavaThread "build event listener" [_thread_blocked, id=8072, stack(0x0000004b4a900000,0x0000004b4aa00000)]
  0x000001e1923ed800 JavaThread "Execution worker for ':'" [_thread_blocked, id=3848, stack(0x0000004b4aa00000,0x0000004b4ab00000)]
  0x000001e1923f0000 JavaThread "Execution worker for ':' Thread 2" [_thread_blocked, id=7408, stack(0x0000004b4ab00000,0x0000004b4ac00000)]
  0x000001e194635800 JavaThread "Execution worker for ':' Thread 3" [_thread_blocked, id=12880, stack(0x0000004b4ac00000,0x0000004b4ad00000)]
  0x000001e194636000 JavaThread "Cache worker for execution history cache (E:\Work\Android\2021\MlmApplication\.gradle\7.0.2\executionHistory)" [_thread_blocked, id=9492, stack(0x0000004b4ad00000,0x0000004b4ae00000)]
  0x000001e1923ed000 JavaThread "WorkerExecutor Queue Thread 2" [_thread_blocked, id=12596, stack(0x0000004b4af00000,0x0000004b4b000000)]
  0x000001e1a0f71000 JavaThread "WorkerExecutor Queue Thread 3" [_thread_blocked, id=7620, stack(0x0000004b4b000000,0x0000004b4b100000)]
  0x000001e1a0f76800 JavaThread "WorkerExecutor Queue Thread 4" [_thread_blocked, id=12648, stack(0x0000004b4b100000,0x0000004b4b200000)]
  0x000001e1a0f73800 JavaThread "WorkerExecutor Queue Thread 5" [_thread_blocked, id=8264, stack(0x0000004b48c00000,0x0000004b48d00000)]
  0x000001e1a0f72000 JavaThread "pool-56-thread-1" [_thread_blocked, id=11464, stack(0x0000004b4b200000,0x0000004b4b300000)]
  0x000001e1a0f7a000 JavaThread "stderr" [_thread_in_native, id=4612, stack(0x0000004b4b300000,0x0000004b4b400000)]
  0x000001e1a0f7b000 JavaThread "stdout" [_thread_in_native, id=7644, stack(0x0000004b4b400000,0x0000004b4b500000)]
  0x000001e1a0f7b800 JavaThread "ForkJoinPool-2-worker-3" daemon [_thread_blocked, id=12712, stack(0x0000004b4b500000,0x0000004b4b600000)]
  0x000001e1a0f78800 JavaThread "ForkJoinPool-2-worker-5" daemon [_thread_blocked, id=13424, stack(0x0000004b4b600000,0x0000004b4b700000)]
  0x000001e1a0f7c800 JavaThread "ForkJoinPool-2-worker-7" daemon [_thread_blocked, id=788, stack(0x0000004b4b700000,0x0000004b4b800000)]
  0x000001e1a0f7d000 JavaThread "ForkJoinPool-2-worker-1" daemon [_thread_blocked, id=1568, stack(0x0000004b4b800000,0x0000004b4b900000)]

Other Threads:
=>0x000001e1ffca7000 VMThread "VM Thread" [stack: 0x0000004b46c00000,0x0000004b46d00000] [id=1984]
  0x000001e1919db800 WatcherThread [stack: 0x0000004b47600000,0x0000004b47700000] [id=7580]
  0x000001e1f70f5000 GCTaskThread "GC Thread#0" [stack: 0x0000004b46700000,0x0000004b46800000] [id=10120]
  0x000001e192472000 GCTaskThread "GC Thread#1" [stack: 0x0000004b47800000,0x0000004b47900000] [id=12924]
  0x000001e191f55800 GCTaskThread "GC Thread#2" [stack: 0x0000004b47900000,0x0000004b47a00000] [id=5900]
  0x000001e193f23000 GCTaskThread "GC Thread#3" [stack: 0x0000004b48500000,0x0000004b48600000] [id=10684]
  0x000001e1f7127800 ConcurrentGCThread "G1 Main Marker" [stack: 0x0000004b46800000,0x0000004b46900000] [id=4832]
  0x000001e1f7129800 ConcurrentGCThread "G1 Conc#0" [stack: 0x0000004b46900000,0x0000004b46a00000] [id=11524]
  0x000001e1f71b4800 ConcurrentGCThread "G1 Refine#0" [stack: 0x0000004b46a00000,0x0000004b46b00000] [id=14080]
  0x000001e194fdb000 ConcurrentGCThread "G1 Refine#1" [stack: 0x0000004b4b900000,0x0000004b4ba00000] [id=2340]
  0x000001e19d2c5000 ConcurrentGCThread "G1 Refine#2" [stack: 0x0000004b4ba00000,0x0000004b4bb00000] [id=9808]
  0x000001e19d2c1000 ConcurrentGCThread "G1 Refine#3" [stack: 0x0000004b4bb00000,0x0000004b4bc00000] [id=10244]
  0x000001e1f71b5800 ConcurrentGCThread "G1 Young RemSet Sampling" [stack: 0x0000004b46b00000,0x0000004b46c00000] [id=11292]

Threads with active compile tasks:
C2 CompilerThread04172005 35375       4       com.android.tools.r8.naming.w$b::a (88 bytes)

VM state:at safepoint (normal execution)

VM Mutex/Monitor currently owned by a thread:  ([mutex/lock_event])
[0x000001e1f70d9230] Threads_lock - owner thread: 0x000001e1ffca7000
[0x000001e1f70d9e00] Heap_lock - owner thread: 0x000001e1a0f7c800

Heap address: 0x0000000080000000, size: 2048 MB, Compressed Oops mode: 32-bit
Narrow klass base: 0x0000000000000000, Narrow klass shift: 3
Compressed class space size: 1073741824 Address: 0x0000000100000000

Heap:
 garbage-first heap   total 485376K, used 254544K [0x0000000080000000, 0x0000000100000000)
  region size 1024K, 8 young (8192K), 8 survivors (8192K)
 Metaspace       used 157121K, capacity 161963K, committed 162168K, reserved 1191936K
  class space    used 18946K, capacity 20662K, committed 20684K, reserved 1048576K
Heap Regions: E=young(eden), S=young(survivor), O=old, HS=humongous(starts), HC=humongous(continues), CS=collection set, F=free, A=archive, TAMS=top-at-mark-start (previous, next)
|   0|0x0000000080000000, 0x0000000080100000, 0x0000000080100000|100%| O|  |TAMS 0x0000000080100000, 0x0000000080000000| Untracked 
|   1|0x0000000080100000, 0x0000000080200000, 0x0000000080200000|100%| O|  |TAMS 0x0000000080200000, 0x0000000080100000| Complete 
|   2|0x0000000080200000, 0x0000000080300000, 0x0000000080300000|100%| O|  |TAMS 0x0000000080300000, 0x0000000080200000| Untracked 
|   3|0x0000000080300000, 0x0000000080400000, 0x0000000080400000|100%|HS|  |TAMS 0x0000000080400000, 0x0000000080300000| Complete 
|   4|0x0000000080400000, 0x0000000080500000, 0x0000000080500000|100%|HC|  |TAMS 0x0000000080500000, 0x0000000080400000| Complete 
|   5|0x0000000080500000, 0x0000000080600000, 0x0000000080600000|100%|HC|  |TAMS 0x0000000080600000, 0x0000000080500000| Complete 
|   6|0x0000000080600000, 0x0000000080700000, 0x0000000080700000|100%| O|  |TAMS 0x0000000080700000, 0x0000000080600000| Untracked 
|   7|0x0000000080700000, 0x0000000080800000, 0x0000000080800000|100%| O|  |TAMS 0x0000000080800000, 0x0000000080700000| Untracked 
|   8|0x0000000080800000, 0x0000000080900000, 0x0000000080900000|100%| O|  |TAMS 0x0000000080900000, 0x0000000080800000| Untracked 
|   9|0x0000000080900000, 0x0000000080a00000, 0x0000000080a00000|100%| O|  |TAMS 0x0000000080a00000, 0x0000000080900000| Untracked 
|  10|0x0000000080a00000, 0x0000000080b00000, 0x0000000080b00000|100%| O|  |TAMS 0x0000000080b00000, 0x0000000080a00000| Untracked 
|  11|0x0000000080b00000, 0x0000000080c00000, 0x0000000080c00000|100%| O|  |TAMS 0x0000000080c00000, 0x0000000080b00000| Untracked 
|  12|0x0000000080c00000, 0x0000000080d00000, 0x0000000080d00000|100%| O|  |TAMS 0x0000000080d00000, 0x0000000080c00000| Untracked 
|  13|0x0000000080d00000, 0x0000000080e00000, 0x0000000080e00000|100%| O|  |TAMS 0x0000000080e00000, 0x0000000080d00000| Untracked 
|  14|0x0000000080e00000, 0x0000000080f00000, 0x0000000080f00000|100%| O|  |TAMS 0x0000000080f00000, 0x0000000080e00000| Complete 
|  15|0x0000000080f00000, 0x0000000081000000, 0x0000000081000000|100%| O|  |TAMS 0x0000000081000000, 0x0000000080f00000| Complete 
|  16|0x0000000081000000, 0x0000000081100000, 0x0000000081100000|100%| O|  |TAMS 0x0000000081100000, 0x0000000081000000| Complete 
|  17|0x0000000081100000, 0x0000000081200000, 0x0000000081200000|100%|HS|  |TAMS 0x0000000081200000, 0x0000000081100000| Complete 
|  18|0x0000000081200000, 0x0000000081300000, 0x0000000081300000|100%| O|  |TAMS 0x0000000081300000, 0x0000000081200000| Complete 
|  19|0x0000000081300000, 0x0000000081400000, 0x0000000081400000|100%| O|  |TAMS 0x0000000081400000, 0x0000000081300000| Untracked 
|  20|0x0000000081400000, 0x0000000081500000, 0x0000000081500000|100%| O|  |TAMS 0x0000000081500000, 0x0000000081400000| Complete 
|  21|0x0000000081500000, 0x0000000081600000, 0x0000000081600000|100%| O|  |TAMS 0x0000000081600000, 0x0000000081500000| Complete 
|  22|0x0000000081600000, 0x0000000081700000, 0x0000000081700000|100%| O|  |TAMS 0x0000000081700000, 0x0000000081600000| Complete 
|  23|0x0000000081700000, 0x0000000081800000, 0x0000000081800000|100%|HS|  |TAMS 0x0000000081800000, 0x0000000081700000| Complete 
|  24|0x0000000081800000, 0x0000000081900000, 0x0000000081900000|100%|HS|  |TAMS 0x0000000081900000, 0x0000000081800000| Complete 
|  25|0x0000000081900000, 0x0000000081a00000, 0x0000000081a00000|100%|HC|  |TAMS 0x0000000081a00000, 0x0000000081900000| Complete 
|  26|0x0000000081a00000, 0x0000000081b00000, 0x0000000081b00000|100%| O|  |TAMS 0x0000000081b00000, 0x0000000081a00000| Complete 
|  27|0x0000000081b00000, 0x0000000081c00000, 0x0000000081c00000|100%| O|  |TAMS 0x0000000081c00000, 0x0000000081b00000| Untracked 
|  28|0x0000000081c00000, 0x0000000081d00000, 0x0000000081d00000|100%| O|  |TAMS 0x0000000081d00000, 0x0000000081c00000| Complete 
|  29|0x0000000081d00000, 0x0000000081e00000, 0x0000000081e00000|100%| O|  |TAMS 0x0000000081e00000, 0x0000000081d00000| Complete 
|  30|0x0000000081e00000, 0x0000000081f00000, 0x0000000081f00000|100%| O|  |TAMS 0x0000000081f00000, 0x0000000081e00000| Complete 
|  31|0x0000000081f00000, 0x0000000082000000, 0x0000000082000000|100%| O|  |TAMS 0x0000000082000000, 0x0000000081f00000| Untracked 
|  32|0x0000000082000000, 0x0000000082100000, 0x0000000082100000|100%| O|  |TAMS 0x0000000082100000, 0x0000000082000000| Complete 
|  33|0x0000000082100000, 0x0000000082200000, 0x0000000082200000|100%| O|  |TAMS 0x0000000082200000, 0x0000000082100000| Untracked 
|  34|0x0000000082200000, 0x0000000082300000, 0x0000000082300000|100%| O|  |TAMS 0x0000000082300000, 0x0000000082200000| Untracked 
|  35|0x0000000082300000, 0x0000000082400000, 0x0000000082400000|100%| O|  |TAMS 0x0000000082400000, 0x0000000082300000| Untracked 
|  36|0x0000000082400000, 0x0000000082500000, 0x0000000082500000|100%| O|  |TAMS 0x0000000082500000, 0x0000000082400000| Untracked 
|  37|0x0000000082500000, 0x0000000082600000, 0x0000000082600000|100%| O|  |TAMS 0x0000000082600000, 0x0000000082500000| Complete 
|  38|0x0000000082600000, 0x0000000082700000, 0x0000000082700000|100%| O|  |TAMS 0x0000000082700000, 0x0000000082600000| Untracked 
|  39|0x0000000082700000, 0x0000000082800000, 0x0000000082800000|100%| O|  |TAMS 0x0000000082800000, 0x0000000082700000| Complete 
|  40|0x0000000082800000, 0x0000000082900000, 0x0000000082900000|100%| O|  |TAMS 0x0000000082900000, 0x0000000082800000| Complete 
|  41|0x0000000082900000, 0x0000000082a00000, 0x0000000082a00000|100%| O|  |TAMS 0x0000000082a00000, 0x0000000082900000| Complete 
|  42|0x0000000082a00000, 0x0000000082b00000, 0x0000000082b00000|100%| O|  |TAMS 0x0000000082b00000, 0x0000000082a00000| Complete 
|  43|0x0000000082b00000, 0x0000000082c00000, 0x0000000082c00000|100%| O|  |TAMS 0x0000000082c00000, 0x0000000082b00000| Complete 
|  44|0x0000000082c00000, 0x0000000082d00000, 0x0000000082d00000|100%| O|  |TAMS 0x0000000082d00000, 0x0000000082c00000| Untracked 
|  45|0x0000000082d00000, 0x0000000082e00000, 0x0000000082e00000|100%| O|  |TAMS 0x0000000082e00000, 0x0000000082d00000| Complete 
|  46|0x0000000082e00000, 0x0000000082f00000, 0x0000000082f00000|100%| O|  |TAMS 0x0000000082f00000, 0x0000000082e00000| Complete 
|  47|0x0000000082f00000, 0x0000000083000000, 0x0000000083000000|100%| O|  |TAMS 0x0000000083000000, 0x0000000082f00000| Untracked 
|  48|0x0000000083000000, 0x0000000083100000, 0x0000000083100000|100%| O|  |TAMS 0x0000000083100000, 0x0000000083000000| Complete 
|  49|0x0000000083100000, 0x0000000083200000, 0x0000000083200000|100%| O|  |TAMS 0x0000000083200000, 0x0000000083100000| Complete 
|  50|0x0000000083200000, 0x0000000083300000, 0x0000000083300000|100%| O|  |TAMS 0x0000000083300000, 0x0000000083200000| Complete 
|  51|0x0000000083300000, 0x0000000083400000, 0x0000000083400000|100%| O|  |TAMS 0x0000000083400000, 0x0000000083300000| Untracked 
|  52|0x0000000083400000, 0x0000000083500000, 0x0000000083500000|100%| O|  |TAMS 0x0000000083500000, 0x0000000083400000| Untracked 
|  53|0x0000000083500000, 0x0000000083600000, 0x0000000083600000|100%| O|  |TAMS 0x0000000083600000, 0x0000000083500000| Complete 
|  54|0x0000000083600000, 0x0000000083700000, 0x0000000083700000|100%| O|  |TAMS 0x0000000083700000, 0x0000000083600000| Complete 
|  55|0x0000000083700000, 0x0000000083800000, 0x0000000083800000|100%| O|  |TAMS 0x0000000083800000, 0x0000000083700000| Complete 
|  56|0x0000000083800000, 0x0000000083900000, 0x0000000083900000|100%| O|  |TAMS 0x0000000083900000, 0x0000000083800000| Complete 
|  57|0x0000000083900000, 0x0000000083a00000, 0x0000000083a00000|100%| O|  |TAMS 0x0000000083a00000, 0x0000000083900000| Complete 
|  58|0x0000000083a00000, 0x0000000083b00000, 0x0000000083b00000|100%| O|  |TAMS 0x0000000083b00000, 0x0000000083a00000| Complete 
|  59|0x0000000083b00000, 0x0000000083c00000, 0x0000000083c00000|100%| O|  |TAMS 0x0000000083c00000, 0x0000000083b00000| Complete 
|  60|0x0000000083c00000, 0x0000000083d00000, 0x0000000083d00000|100%| O|  |TAMS 0x0000000083d00000, 0x0000000083c00000| Complete 
|  61|0x0000000083d00000, 0x0000000083e00000, 0x0000000083e00000|100%| O|  |TAMS 0x0000000083e00000, 0x0000000083d00000| Complete 
|  62|0x0000000083e00000, 0x0000000083f00000, 0x0000000083f00000|100%| O|  |TAMS 0x0000000083f00000, 0x0000000083e00000| Complete 
|  63|0x0000000083f00000, 0x0000000084000000, 0x0000000084000000|100%| O|  |TAMS 0x0000000084000000, 0x0000000083f00000| Complete 
|  64|0x0000000084000000, 0x0000000084100000, 0x0000000084100000|100%| O|  |TAMS 0x0000000084100000, 0x0000000084000000| Untracked 
|  65|0x0000000084100000, 0x0000000084200000, 0x0000000084200000|100%| O|  |TAMS 0x0000000084200000, 0x0000000084100000| Complete 
|  66|0x0000000084200000, 0x0000000084300000, 0x0000000084300000|100%| O|  |TAMS 0x0000000084300000, 0x0000000084200000| Complete 
|  67|0x0000000084300000, 0x0000000084400000, 0x0000000084400000|100%| O|  |TAMS 0x0000000084400000, 0x0000000084300000| Untracked 
|  68|0x0000000084400000, 0x0000000084500000, 0x0000000084500000|100%| O|  |TAMS 0x0000000084500000, 0x0000000084400000| Complete 
|  69|0x0000000084500000, 0x0000000084600000, 0x0000000084600000|100%| O|  |TAMS 0x0000000084600000, 0x0000000084500000| Untracked 
|  70|0x0000000084600000, 0x0000000084700000, 0x0000000084700000|100%| O|  |TAMS 0x0000000084700000, 0x0000000084600000| Untracked 
|  71|0x0000000084700000, 0x0000000084800000, 0x0000000084800000|100%| O|  |TAMS 0x0000000084800000, 0x0000000084700000| Untracked 
|  72|0x0000000084800000, 0x0000000084900000, 0x0000000084900000|100%| O|  |TAMS 0x0000000084900000, 0x0000000084800000| Untracked 
|  73|0x0000000084900000, 0x0000000084a00000, 0x0000000084a00000|100%| O|  |TAMS 0x0000000084a00000, 0x0000000084900000| Untracked 
|  74|0x0000000084a00000, 0x0000000084b00000, 0x0000000084b00000|100%| O|  |TAMS 0x0000000084b00000, 0x0000000084a00000| Complete 
|  75|0x0000000084b00000, 0x0000000084c00000, 0x0000000084c00000|100%| O|  |TAMS 0x0000000084c00000, 0x0000000084b00000| Complete 
|  76|0x0000000084c00000, 0x0000000084d00000, 0x0000000084d00000|100%|HS|  |TAMS 0x0000000084d00000, 0x0000000084c00000| Complete 
|  77|0x0000000084d00000, 0x0000000084e00000, 0x0000000084e00000|100%|HC|  |TAMS 0x0000000084e00000, 0x0000000084d00000| Complete 
|  78|0x0000000084e00000, 0x0000000084f00000, 0x0000000084f00000|100%|HC|  |TAMS 0x0000000084f00000, 0x0000000084e00000| Complete 
|  79|0x0000000084f00000, 0x0000000085000000, 0x0000000085000000|100%| O|  |TAMS 0x0000000085000000, 0x0000000084f00000| Complete 
|  80|0x0000000085000000, 0x0000000085100000, 0x0000000085100000|100%| O|  |TAMS 0x0000000085100000, 0x0000000085000000| Untracked 
|  81|0x0000000085100000, 0x0000000085200000, 0x0000000085200000|100%| O|  |TAMS 0x0000000085200000, 0x0000000085100000| Untracked 
|  82|0x0000000085200000, 0x0000000085300000, 0x0000000085300000|100%|HS|  |TAMS 0x0000000085300000, 0x0000000085200000| Complete 
|  83|0x0000000085300000, 0x0000000085400000, 0x0000000085400000|100%|HC|  |TAMS 0x0000000085400000, 0x0000000085300000| Complete 
|  84|0x0000000085400000, 0x0000000085500000, 0x0000000085500000|100%| O|  |TAMS 0x0000000085500000, 0x0000000085400000| Complete 
|  85|0x0000000085500000, 0x0000000085600000, 0x0000000085600000|100%| O|  |TAMS 0x0000000085600000, 0x0000000085500000| Complete 
|  86|0x0000000085600000, 0x0000000085700000, 0x0000000085700000|100%|HS|  |TAMS 0x0000000085700000, 0x0000000085600000| Complete 
|  87|0x0000000085700000, 0x0000000085800000, 0x0000000085800000|100%|HC|  |TAMS 0x0000000085800000, 0x0000000085700000| Complete 
|  88|0x0000000085800000, 0x0000000085900000, 0x0000000085900000|100%|HC|  |TAMS 0x0000000085900000, 0x0000000085800000| Complete 
|  89|0x0000000085900000, 0x0000000085a00000, 0x0000000085a00000|100%| O|  |TAMS 0x0000000085a00000, 0x0000000085900000| Complete 
|  90|0x0000000085a00000, 0x0000000085b00000, 0x0000000085b00000|100%| O|  |TAMS 0x0000000085b00000, 0x0000000085a00000| Untracked 
|  91|0x0000000085b00000, 0x0000000085c00000, 0x0000000085c00000|100%| O|  |TAMS 0x0000000085c00000, 0x0000000085b00000| Untracked 
|  92|0x0000000085c00000, 0x0000000085d00000, 0x0000000085d00000|100%| O|  |TAMS 0x0000000085d00000, 0x0000000085c00000| Untracked 
|  93|0x0000000085d00000, 0x0000000085e00000, 0x0000000085e00000|100%| O|  |TAMS 0x0000000085e00000, 0x0000000085d00000| Untracked 
|  94|0x0000000085e00000, 0x0000000085f00000, 0x0000000085f00000|100%| O|  |TAMS 0x0000000085f00000, 0x0000000085e00000| Complete 
|  95|0x0000000085f00000, 0x0000000086000000, 0x0000000086000000|100%| O|  |TAMS 0x0000000086000000, 0x0000000085f00000| Complete 
|  96|0x0000000086000000, 0x0000000086100000, 0x0000000086100000|100%| O|  |TAMS 0x0000000086100000, 0x0000000086000000| Complete 
|  97|0x0000000086100000, 0x0000000086200000, 0x0000000086200000|100%| O|  |TAMS 0x0000000086200000, 0x0000000086100000| Complete 
|  98|0x0000000086200000, 0x0000000086300000, 0x0000000086300000|100%| O|  |TAMS 0x0000000086300000, 0x0000000086200000| Complete 
|  99|0x0000000086300000, 0x0000000086400000, 0x0000000086400000|100%| O|  |TAMS 0x0000000086400000, 0x0000000086300000| Untracked 
| 100|0x0000000086400000, 0x0000000086500000, 0x0000000086500000|100%| O|  |TAMS 0x0000000086500000, 0x0000000086400000| Untracked 
| 101|0x0000000086500000, 0x0000000086600000, 0x0000000086600000|100%| O|  |TAMS 0x0000000086600000, 0x0000000086500000| Untracked 
| 102|0x0000000086600000, 0x0000000086700000, 0x0000000086700000|100%| O|  |TAMS 0x0000000086700000, 0x0000000086600000| Complete 
| 103|0x0000000086700000, 0x0000000086800000, 0x0000000086800000|100%| O|  |TAMS 0x0000000086800000, 0x0000000086700000| Complete 
| 104|0x0000000086800000, 0x0000000086900000, 0x0000000086900000|100%| O|  |TAMS 0x0000000086900000, 0x0000000086800000| Complete 
| 105|0x0000000086900000, 0x0000000086a00000, 0x0000000086a00000|100%|HS|  |TAMS 0x0000000086900000, 0x0000000086900000| Complete 
| 106|0x0000000086a00000, 0x0000000086b00000, 0x0000000086b00000|100%| O|  |TAMS 0x0000000086b00000, 0x0000000086a00000| Complete 
| 107|0x0000000086b00000, 0x0000000086c00000, 0x0000000086c00000|100%| O|  |TAMS 0x0000000086c00000, 0x0000000086b00000| Untracked 
| 108|0x0000000086c00000, 0x0000000086d00000, 0x0000000086d00000|100%| O|  |TAMS 0x0000000086d00000, 0x0000000086c00000| Complete 
| 109|0x0000000086d00000, 0x0000000086e00000, 0x0000000086e00000|100%| O|  |TAMS 0x0000000086e00000, 0x0000000086d00000| Complete 
| 110|0x0000000086e00000, 0x0000000086f00000, 0x0000000086f00000|100%| O|  |TAMS 0x0000000086f00000, 0x0000000086e00000| Complete 
| 111|0x0000000086f00000, 0x0000000087000000, 0x0000000087000000|100%|HS|  |TAMS 0x0000000087000000, 0x0000000086f00000| Complete 
| 112|0x0000000087000000, 0x0000000087100000, 0x0000000087100000|100%|HC|  |TAMS 0x0000000087100000, 0x0000000087000000| Complete 
| 113|0x0000000087100000, 0x0000000087200000, 0x0000000087200000|100%|HC|  |TAMS 0x0000000087200000, 0x0000000087100000| Complete 
| 114|0x0000000087200000, 0x0000000087300000, 0x0000000087300000|100%|HC|  |TAMS 0x0000000087300000, 0x0000000087200000| Complete 
| 115|0x0000000087300000, 0x0000000087400000, 0x0000000087400000|100%|HC|  |TAMS 0x0000000087400000, 0x0000000087300000| Complete 
| 116|0x0000000087400000, 0x0000000087500000, 0x0000000087500000|100%|HS|  |TAMS 0x0000000087500000, 0x0000000087400000| Complete 
| 117|0x0000000087500000, 0x0000000087600000, 0x0000000087600000|100%|HC|  |TAMS 0x0000000087600000, 0x0000000087500000| Complete 
| 118|0x0000000087600000, 0x0000000087700000, 0x0000000087700000|100%|HC|  |TAMS 0x0000000087700000, 0x0000000087600000| Complete 
| 119|0x0000000087700000, 0x0000000087800000, 0x0000000087800000|100%|HC|  |TAMS 0x0000000087800000, 0x0000000087700000| Complete 
| 120|0x0000000087800000, 0x0000000087900000, 0x0000000087900000|100%|HC|  |TAMS 0x0000000087900000, 0x0000000087800000| Complete 
| 121|0x0000000087900000, 0x0000000087a00000, 0x0000000087a00000|100%| O|  |TAMS 0x0000000087a00000, 0x0000000087900000| Complete 
| 122|0x0000000087a00000, 0x0000000087b00000, 0x0000000087b00000|100%| O|  |TAMS 0x0000000087b00000, 0x0000000087a00000| Complete 
| 123|0x0000000087b00000, 0x0000000087c00000, 0x0000000087c00000|100%| O|  |TAMS 0x0000000087c00000, 0x0000000087b00000| Complete 
| 124|0x0000000087c00000, 0x0000000087d00000, 0x0000000087d00000|100%|HS|  |TAMS 0x0000000087c00000, 0x0000000087c00000| Complete 
| 125|0x0000000087d00000, 0x0000000087d00000, 0x0000000087e00000|  0%| F|  |TAMS 0x0000000087d00000, 0x0000000087d00000| Untracked 
| 126|0x0000000087e00000, 0x0000000087f00000, 0x0000000087f00000|100%|HS|  |TAMS 0x0000000087e00000, 0x0000000087e00000| Complete 
| 127|0x0000000087f00000, 0x0000000088000000, 0x0000000088000000|100%| O|  |TAMS 0x0000000088000000, 0x0000000087f00000| Complete 
| 128|0x0000000088000000, 0x0000000088100000, 0x0000000088100000|100%|HS|  |TAMS 0x0000000088000000, 0x0000000088000000| Complete 
| 129|0x0000000088100000, 0x0000000088200000, 0x0000000088200000|100%| O|  |TAMS 0x0000000088200000, 0x0000000088100000| Complete 
| 130|0x0000000088200000, 0x0000000088300000, 0x0000000088300000|100%|HS|  |TAMS 0x0000000088200000, 0x0000000088200000| Complete 
| 131|0x0000000088300000, 0x0000000088400000, 0x0000000088400000|100%|HC|  |TAMS 0x0000000088300000, 0x0000000088300000| Complete 
| 132|0x0000000088400000, 0x0000000088500000, 0x0000000088500000|100%| O|  |TAMS 0x0000000088500000, 0x0000000088400000| Complete 
| 133|0x0000000088500000, 0x0000000088600000, 0x0000000088600000|100%| O|  |TAMS 0x0000000088600000, 0x0000000088500000| Untracked 
| 134|0x0000000088600000, 0x0000000088700000, 0x0000000088700000|100%| O|  |TAMS 0x0000000088700000, 0x0000000088600000| Untracked 
| 135|0x0000000088700000, 0x0000000088800000, 0x0000000088800000|100%| O|  |TAMS 0x0000000088800000, 0x0000000088700000| Untracked 
| 136|0x0000000088800000, 0x0000000088900000, 0x0000000088900000|100%| O|  |TAMS 0x0000000088900000, 0x0000000088800000| Untracked 
| 137|0x0000000088900000, 0x0000000088a00000, 0x0000000088a00000|100%| O|  |TAMS 0x0000000088a00000, 0x0000000088900000| Complete 
| 138|0x0000000088a00000, 0x0000000088b00000, 0x0000000088b00000|100%| O|  |TAMS 0x0000000088b00000, 0x0000000088a00000| Untracked 
| 139|0x0000000088b00000, 0x0000000088c00000, 0x0000000088c00000|100%| O|  |TAMS 0x0000000088c00000, 0x0000000088b00000| Complete 
| 140|0x0000000088c00000, 0x0000000088d00000, 0x0000000088d00000|100%| O|  |TAMS 0x0000000088d00000, 0x0000000088c00000| Untracked 
| 141|0x0000000088d00000, 0x0000000088e00000, 0x0000000088e00000|100%| O|  |TAMS 0x0000000088e00000, 0x0000000088d00000| Untracked 
| 142|0x0000000088e00000, 0x0000000088f00000, 0x0000000088f00000|100%| O|  |TAMS 0x0000000088f00000, 0x0000000088e00000| Untracked 
| 143|0x0000000088f00000, 0x0000000089000000, 0x0000000089000000|100%| O|  |TAMS 0x0000000089000000, 0x0000000088f00000| Untracked 
| 144|0x0000000089000000, 0x0000000089100000, 0x0000000089100000|100%|HS|  |TAMS 0x0000000089100000, 0x0000000089000000| Complete 
| 145|0x0000000089100000, 0x0000000089200000, 0x0000000089200000|100%|HC|  |TAMS 0x0000000089200000, 0x0000000089100000| Complete 
| 146|0x0000000089200000, 0x0000000089300000, 0x0000000089300000|100%|HS|  |TAMS 0x0000000089300000, 0x0000000089200000| Complete 
| 147|0x0000000089300000, 0x0000000089400000, 0x0000000089400000|100%|HS|  |TAMS 0x0000000089400000, 0x0000000089300000| Complete 
| 148|0x0000000089400000, 0x0000000089500000, 0x0000000089500000|100%|HS|  |TAMS 0x0000000089500000, 0x0000000089400000| Complete 
| 149|0x0000000089500000, 0x0000000089600000, 0x0000000089600000|100%|HS|  |TAMS 0x0000000089600000, 0x0000000089500000| Complete 
| 150|0x0000000089600000, 0x0000000089700000, 0x0000000089700000|100%|HC|  |TAMS 0x0000000089700000, 0x0000000089600000| Complete 
| 151|0x0000000089700000, 0x0000000089800000, 0x0000000089800000|100%| O|  |TAMS 0x0000000089800000, 0x0000000089700000| Complete 
| 152|0x0000000089800000, 0x0000000089900000, 0x0000000089900000|100%| O|  |TAMS 0x0000000089900000, 0x0000000089800000| Untracked 
| 153|0x0000000089900000, 0x0000000089a00000, 0x0000000089a00000|100%|HS|  |TAMS 0x0000000089900000, 0x0000000089900000| Complete 
| 154|0x0000000089a00000, 0x0000000089b00000, 0x0000000089b00000|100%| O|  |TAMS 0x0000000089a00000, 0x0000000089a00000| Untracked 
| 155|0x0000000089b00000, 0x0000000089c00000, 0x0000000089c00000|100%| O|  |TAMS 0x0000000089c00000, 0x0000000089b00000| Untracked 
| 156|0x0000000089c00000, 0x0000000089d00000, 0x0000000089d00000|100%| O|  |TAMS 0x0000000089c00000, 0x0000000089c00000| Untracked 
| 157|0x0000000089d00000, 0x0000000089e00000, 0x0000000089e00000|100%| O|  |TAMS 0x0000000089e00000, 0x0000000089d00000| Untracked 
| 158|0x0000000089e00000, 0x0000000089f00000, 0x0000000089f00000|100%| O|  |TAMS 0x0000000089f00000, 0x0000000089e00000| Complete 
| 159|0x0000000089f00000, 0x000000008a000000, 0x000000008a000000|100%| O|  |TAMS 0x0000000089f00000, 0x0000000089f00000| Untracked 
| 160|0x000000008a000000, 0x000000008a100000, 0x000000008a100000|100%| O|  |TAMS 0x000000008a100000, 0x000000008a000000| Complete 
| 161|0x000000008a100000, 0x000000008a200000, 0x000000008a200000|100%| O|  |TAMS 0x000000008a200000, 0x000000008a100000| Complete 
| 162|0x000000008a200000, 0x000000008a300000, 0x000000008a300000|100%| O|  |TAMS 0x000000008a300000, 0x000000008a200000| Untracked 
| 163|0x000000008a300000, 0x000000008a400000, 0x000000008a400000|100%| O|  |TAMS 0x000000008a300000, 0x000000008a300000| Untracked 
| 164|0x000000008a400000, 0x000000008a500000, 0x000000008a500000|100%| O|  |TAMS 0x000000008a500000, 0x000000008a400000| Untracked 
| 165|0x000000008a500000, 0x000000008a600000, 0x000000008a600000|100%| O|  |TAMS 0x000000008a600000, 0x000000008a500000| Untracked 
| 166|0x000000008a600000, 0x000000008a694200, 0x000000008a700000| 57%| O|  |TAMS 0x000000008a600000, 0x000000008a600000| Untracked 
| 167|0x000000008a700000, 0x000000008a700000, 0x000000008a800000|  0%| F|  |TAMS 0x000000008a700000, 0x000000008a700000| Untracked 
| 168|0x000000008a800000, 0x000000008a900000, 0x000000008a900000|100%|HS|  |TAMS 0x000000008a900000, 0x000000008a800000| Complete 
| 169|0x000000008a900000, 0x000000008aa00000, 0x000000008aa00000|100%|HS|  |TAMS 0x000000008aa00000, 0x000000008a900000| Complete 
| 170|0x000000008aa00000, 0x000000008ab00000, 0x000000008ab00000|100%| O|  |TAMS 0x000000008ab00000, 0x000000008aa00000| Complete 
| 171|0x000000008ab00000, 0x000000008ac00000, 0x000000008ac00000|100%| O|  |TAMS 0x000000008ac00000, 0x000000008ab00000| Untracked 
| 172|0x000000008ac00000, 0x000000008ad00000, 0x000000008ad00000|100%| O|  |TAMS 0x000000008ad00000, 0x000000008ac00000| Untracked 
| 173|0x000000008ad00000, 0x000000008ae00000, 0x000000008ae00000|100%| O|  |TAMS 0x000000008ae00000, 0x000000008ad00000| Complete 
| 174|0x000000008ae00000, 0x000000008af00000, 0x000000008af00000|100%| O|  |TAMS 0x000000008ae80000, 0x000000008ae00000| Complete 
| 175|0x000000008af00000, 0x000000008b000000, 0x000000008b000000|100%|HS|  |TAMS 0x000000008af00000, 0x000000008af00000| Complete 
| 176|0x000000008b000000, 0x000000008b100000, 0x000000008b100000|100%|HS|  |TAMS 0x000000008b000000, 0x000000008b000000| Complete 
| 177|0x000000008b100000, 0x000000008b200000, 0x000000008b200000|100%|HS|  |TAMS 0x000000008b100000, 0x000000008b100000| Complete 
| 178|0x000000008b200000, 0x000000008b300000, 0x000000008b300000|100%|HC|  |TAMS 0x000000008b200000, 0x000000008b200000| Complete 
| 179|0x000000008b300000, 0x000000008b400000, 0x000000008b400000|100%|HS|  |TAMS 0x000000008b300000, 0x000000008b300000| Complete 
| 180|0x000000008b400000, 0x000000008b500000, 0x000000008b500000|100%|HC|  |TAMS 0x000000008b400000, 0x000000008b400000| Complete 
| 181|0x000000008b500000, 0x000000008b600000, 0x000000008b600000|100%|HS|  |TAMS 0x000000008b500000, 0x000000008b500000| Complete 
| 182|0x000000008b600000, 0x000000008b700000, 0x000000008b700000|100%|HS|  |TAMS 0x000000008b600000, 0x000000008b600000| Complete 
| 183|0x000000008b700000, 0x000000008b800000, 0x000000008b800000|100%|HS|  |TAMS 0x000000008b700000, 0x000000008b700000| Complete 
| 184|0x000000008b800000, 0x000000008b900000, 0x000000008b900000|100%|HC|  |TAMS 0x000000008b800000, 0x000000008b800000| Complete 
| 185|0x000000008b900000, 0x000000008ba00000, 0x000000008ba00000|100%|HS|  |TAMS 0x000000008b900000, 0x000000008b900000| Complete 
| 186|0x000000008ba00000, 0x000000008bb00000, 0x000000008bb00000|100%|HS|  |TAMS 0x000000008ba00000, 0x000000008ba00000| Complete 
| 187|0x000000008bb00000, 0x000000008bc00000, 0x000000008bc00000|100%| O|  |TAMS 0x000000008bc00000, 0x000000008bb00000| Complete 
| 188|0x000000008bc00000, 0x000000008bd00000, 0x000000008bd00000|100%| O|  |TAMS 0x000000008bd00000, 0x000000008bc00000| Complete 
| 189|0x000000008bd00000, 0x000000008be00000, 0x000000008be00000|100%| O|  |TAMS 0x000000008be00000, 0x000000008bd00000| Complete 
| 190|0x000000008be00000, 0x000000008bf00000, 0x000000008bf00000|100%| O|  |TAMS 0x000000008bf00000, 0x000000008be00000| Complete 
| 191|0x000000008bf00000, 0x000000008c000000, 0x000000008c000000|100%| O|  |TAMS 0x000000008c000000, 0x000000008bf00000| Complete 
| 192|0x000000008c000000, 0x000000008c100000, 0x000000008c100000|100%|HS|  |TAMS 0x000000008c000000, 0x000000008c000000| Complete 
| 193|0x000000008c100000, 0x000000008c200000, 0x000000008c200000|100%|HC|  |TAMS 0x000000008c100000, 0x000000008c100000| Complete 
| 194|0x000000008c200000, 0x000000008c300000, 0x000000008c300000|100%| O|  |TAMS 0x000000008c200000, 0x000000008c200000| Untracked 
| 195|0x000000008c300000, 0x000000008c400000, 0x000000008c400000|100%| O|  |TAMS 0x000000008c300000, 0x000000008c300000| Untracked 
| 196|0x000000008c400000, 0x000000008c500000, 0x000000008c500000|100%| O|  |TAMS 0x000000008c400000, 0x000000008c400000| Untracked 
| 197|0x000000008c500000, 0x000000008c600000, 0x000000008c600000|100%| O|  |TAMS 0x000000008c500000, 0x000000008c500000| Untracked 
| 198|0x000000008c600000, 0x000000008c700000, 0x000000008c700000|100%| O|  |TAMS 0x000000008c600000, 0x000000008c600000| Untracked 
| 199|0x000000008c700000, 0x000000008c800000, 0x000000008c800000|100%| O|  |TAMS 0x000000008c700000, 0x000000008c700000| Untracked 
| 200|0x000000008c800000, 0x000000008c900000, 0x000000008c900000|100%| O|  |TAMS 0x000000008c800000, 0x000000008c800000| Untracked 
| 201|0x000000008c900000, 0x000000008ca00000, 0x000000008ca00000|100%| O|  |TAMS 0x000000008c900000, 0x000000008c900000| Untracked 
| 202|0x000000008ca00000, 0x000000008cb00000, 0x000000008cb00000|100%| O|  |TAMS 0x000000008ca00000, 0x000000008ca00000| Untracked 
| 203|0x000000008cb00000, 0x000000008cb00000, 0x000000008cc00000|  0%| F|  |TAMS 0x000000008cb00000, 0x000000008cb00000| Untracked 
| 204|0x000000008cc00000, 0x000000008cc00000, 0x000000008cd00000|  0%| F|  |TAMS 0x000000008cc00000, 0x000000008cc00000| Untracked 
| 205|0x000000008cd00000, 0x000000008cd00000, 0x000000008ce00000|  0%| F|  |TAMS 0x000000008cd00000, 0x000000008cd00000| Untracked 
| 206|0x000000008ce00000, 0x000000008ce00000, 0x000000008cf00000|  0%| F|  |TAMS 0x000000008ce00000, 0x000000008ce00000| Untracked 
| 207|0x000000008cf00000, 0x000000008cf00000, 0x000000008d000000|  0%| F|  |TAMS 0x000000008cf00000, 0x000000008cf00000| Untracked 
| 208|0x000000008d000000, 0x000000008d000000, 0x000000008d100000|  0%| F|  |TAMS 0x000000008d000000, 0x000000008d000000| Untracked 
| 209|0x000000008d100000, 0x000000008d100000, 0x000000008d200000|  0%| F|  |TAMS 0x000000008d100000, 0x000000008d100000| Untracked 
| 210|0x000000008d200000, 0x000000008d200000, 0x000000008d300000|  0%| F|  |TAMS 0x000000008d200000, 0x000000008d200000| Untracked 
| 211|0x000000008d300000, 0x000000008d300000, 0x000000008d400000|  0%| F|  |TAMS 0x000000008d300000, 0x000000008d300000| Untracked 
| 212|0x000000008d400000, 0x000000008d400000, 0x000000008d500000|  0%| F|  |TAMS 0x000000008d400000, 0x000000008d400000| Untracked 
| 213|0x000000008d500000, 0x000000008d500000, 0x000000008d600000|  0%| F|  |TAMS 0x000000008d500000, 0x000000008d500000| Untracked 
| 214|0x000000008d600000, 0x000000008d600000, 0x000000008d700000|  0%| F|  |TAMS 0x000000008d600000, 0x000000008d600000| Untracked 
| 215|0x000000008d700000, 0x000000008d700000, 0x000000008d800000|  0%| F|  |TAMS 0x000000008d700000, 0x000000008d700000| Untracked 
| 216|0x000000008d800000, 0x000000008d800000, 0x000000008d900000|  0%| F|  |TAMS 0x000000008d800000, 0x000000008d800000| Untracked 
| 217|0x000000008d900000, 0x000000008d900000, 0x000000008da00000|  0%| F|  |TAMS 0x000000008d900000, 0x000000008d900000| Untracked 
| 218|0x000000008da00000, 0x000000008da00000, 0x000000008db00000|  0%| F|  |TAMS 0x000000008da00000, 0x000000008da00000| Untracked 
| 219|0x000000008db00000, 0x000000008db00000, 0x000000008dc00000|  0%| F|  |TAMS 0x000000008db00000, 0x000000008db00000| Untracked 
| 220|0x000000008dc00000, 0x000000008dc00000, 0x000000008dd00000|  0%| F|  |TAMS 0x000000008dc00000, 0x000000008dc00000| Untracked 
| 221|0x000000008dd00000, 0x000000008dd00000, 0x000000008de00000|  0%| F|  |TAMS 0x000000008dd00000, 0x000000008dd00000| Untracked 
| 222|0x000000008de00000, 0x000000008de00000, 0x000000008df00000|  0%| F|  |TAMS 0x000000008de00000, 0x000000008de00000| Untracked 
| 223|0x000000008df00000, 0x000000008df00000, 0x000000008e000000|  0%| F|  |TAMS 0x000000008df00000, 0x000000008df00000| Untracked 
| 224|0x000000008e000000, 0x000000008e000000, 0x000000008e100000|  0%| F|  |TAMS 0x000000008e000000, 0x000000008e000000| Untracked 
| 225|0x000000008e100000, 0x000000008e100000, 0x000000008e200000|  0%| F|  |TAMS 0x000000008e100000, 0x000000008e100000| Untracked 
| 226|0x000000008e200000, 0x000000008e200000, 0x000000008e300000|  0%| F|  |TAMS 0x000000008e200000, 0x000000008e200000| Untracked 
| 227|0x000000008e300000, 0x000000008e300000, 0x000000008e400000|  0%| F|  |TAMS 0x000000008e300000, 0x000000008e300000| Untracked 
| 228|0x000000008e400000, 0x000000008e400000, 0x000000008e500000|  0%| F|  |TAMS 0x000000008e400000, 0x000000008e400000| Untracked 
| 229|0x000000008e500000, 0x000000008e500000, 0x000000008e600000|  0%| F|  |TAMS 0x000000008e500000, 0x000000008e500000| Untracked 
| 230|0x000000008e600000, 0x000000008e600000, 0x000000008e700000|  0%| F|  |TAMS 0x000000008e600000, 0x000000008e600000| Untracked 
| 231|0x000000008e700000, 0x000000008e700000, 0x000000008e800000|  0%| F|  |TAMS 0x000000008e700000, 0x000000008e700000| Untracked 
| 232|0x000000008e800000, 0x000000008e800000, 0x000000008e900000|  0%| F|  |TAMS 0x000000008e800000, 0x000000008e800000| Untracked 
| 233|0x000000008e900000, 0x000000008e900000, 0x000000008ea00000|  0%| F|  |TAMS 0x000000008e900000, 0x000000008e900000| Untracked 
| 234|0x000000008ea00000, 0x000000008ea00000, 0x000000008eb00000|  0%| F|  |TAMS 0x000000008ea00000, 0x000000008ea00000| Untracked 
| 235|0x000000008eb00000, 0x000000008eb00000, 0x000000008ec00000|  0%| F|  |TAMS 0x000000008eb00000, 0x000000008eb00000| Untracked 
| 236|0x000000008ec00000, 0x000000008ec00000, 0x000000008ed00000|  0%| F|  |TAMS 0x000000008ec00000, 0x000000008ec00000| Untracked 
| 237|0x000000008ed00000, 0x000000008ed00000, 0x000000008ee00000|  0%| F|  |TAMS 0x000000008ed00000, 0x000000008ed00000| Untracked 
| 238|0x000000008ee00000, 0x000000008ee00000, 0x000000008ef00000|  0%| F|  |TAMS 0x000000008ee00000, 0x000000008ee00000| Untracked 
| 239|0x000000008ef00000, 0x000000008ef00000, 0x000000008f000000|  0%| F|  |TAMS 0x000000008ef00000, 0x000000008ef00000| Untracked 
| 240|0x000000008f000000, 0x000000008f000000, 0x000000008f100000|  0%| F|  |TAMS 0x000000008f000000, 0x000000008f000000| Untracked 
| 241|0x000000008f100000, 0x000000008f100000, 0x000000008f200000|  0%| F|  |TAMS 0x000000008f100000, 0x000000008f100000| Untracked 
| 242|0x000000008f200000, 0x000000008f200000, 0x000000008f300000|  0%| F|  |TAMS 0x000000008f200000, 0x000000008f200000| Untracked 
| 243|0x000000008f300000, 0x000000008f300000, 0x000000008f400000|  0%| F|  |TAMS 0x000000008f300000, 0x000000008f300000| Untracked 
| 244|0x000000008f400000, 0x000000008f400000, 0x000000008f500000|  0%| F|  |TAMS 0x000000008f400000, 0x000000008f400000| Untracked 
| 245|0x000000008f500000, 0x000000008f500000, 0x000000008f600000|  0%| F|  |TAMS 0x000000008f500000, 0x000000008f500000| Untracked 
| 246|0x000000008f600000, 0x000000008f600000, 0x000000008f700000|  0%| F|  |TAMS 0x000000008f600000, 0x000000008f600000| Untracked 
| 247|0x000000008f700000, 0x000000008f700000, 0x000000008f800000|  0%| F|  |TAMS 0x000000008f700000, 0x000000008f700000| Untracked 
| 248|0x000000008f800000, 0x000000008f800000, 0x000000008f900000|  0%| F|  |TAMS 0x000000008f800000, 0x000000008f800000| Untracked 
| 249|0x000000008f900000, 0x000000008f900000, 0x000000008fa00000|  0%| F|  |TAMS 0x000000008f900000, 0x000000008f900000| Untracked 
| 250|0x000000008fa00000, 0x000000008fa00000, 0x000000008fb00000|  0%| F|  |TAMS 0x000000008fa00000, 0x000000008fa00000| Untracked 
| 251|0x000000008fb00000, 0x000000008fb00000, 0x000000008fc00000|  0%| F|  |TAMS 0x000000008fb00000, 0x000000008fb00000| Untracked 
| 252|0x000000008fc00000, 0x000000008fc00000, 0x000000008fd00000|  0%| F|  |TAMS 0x000000008fc00000, 0x000000008fc00000| Untracked 
| 253|0x000000008fd00000, 0x000000008fd00000, 0x000000008fe00000|  0%| F|  |TAMS 0x000000008fd00000, 0x000000008fd00000| Untracked 
| 254|0x000000008fe00000, 0x000000008fe00000, 0x000000008ff00000|  0%| F|  |TAMS 0x000000008fe00000, 0x000000008fe00000| Untracked 
| 255|0x000000008ff00000, 0x000000008ff00000, 0x0000000090000000|  0%| F|  |TAMS 0x000000008ff00000, 0x000000008ff00000| Untracked 
| 256|0x0000000090000000, 0x0000000090000000, 0x0000000090100000|  0%| F|  |TAMS 0x0000000090000000, 0x0000000090000000| Untracked 
| 257|0x0000000090100000, 0x0000000090100000, 0x0000000090200000|  0%| F|  |TAMS 0x0000000090100000, 0x0000000090100000| Untracked 
| 258|0x0000000090200000, 0x0000000090200000, 0x0000000090300000|  0%| F|  |TAMS 0x0000000090200000, 0x0000000090200000| Untracked 
| 259|0x0000000090300000, 0x0000000090300000, 0x0000000090400000|  0%| F|  |TAMS 0x0000000090300000, 0x0000000090300000| Untracked 
| 260|0x0000000090400000, 0x0000000090400000, 0x0000000090500000|  0%| F|  |TAMS 0x0000000090400000, 0x0000000090400000| Untracked 
| 261|0x0000000090500000, 0x0000000090500000, 0x0000000090600000|  0%| F|  |TAMS 0x0000000090500000, 0x0000000090500000| Untracked 
| 262|0x0000000090600000, 0x0000000090700000, 0x0000000090700000|100%| S|CS|TAMS 0x0000000090600000, 0x0000000090600000| Complete 
| 263|0x0000000090700000, 0x0000000090800000, 0x0000000090800000|100%| S|CS|TAMS 0x0000000090700000, 0x0000000090700000| Complete 
| 264|0x0000000090800000, 0x0000000090900000, 0x0000000090900000|100%| S|CS|TAMS 0x0000000090800000, 0x0000000090800000| Complete 
| 265|0x0000000090900000, 0x0000000090a00000, 0x0000000090a00000|100%| S|CS|TAMS 0x0000000090900000, 0x0000000090900000| Complete 
| 266|0x0000000090a00000, 0x0000000090b00000, 0x0000000090b00000|100%| S|CS|TAMS 0x0000000090a00000, 0x0000000090a00000| Complete 
| 267|0x0000000090b00000, 0x0000000090c00000, 0x0000000090c00000|100%| S|CS|TAMS 0x0000000090b00000, 0x0000000090b00000| Complete 
| 268|0x0000000090c00000, 0x0000000090d00000, 0x0000000090d00000|100%| S|CS|TAMS 0x0000000090c00000, 0x0000000090c00000| Complete 
| 269|0x0000000090d00000, 0x0000000090e00000, 0x0000000090e00000|100%| S|CS|TAMS 0x0000000090d00000, 0x0000000090d00000| Complete 
| 270|0x0000000090e00000, 0x0000000090e00000, 0x0000000090f00000|  0%| F|  |TAMS 0x0000000090e00000, 0x0000000090e00000| Untracked 
| 271|0x0000000090f00000, 0x0000000090f00000, 0x0000000091000000|  0%| F|  |TAMS 0x0000000090f00000, 0x0000000090f00000| Untracked 
| 272|0x0000000091000000, 0x0000000091000000, 0x0000000091100000|  0%| F|  |TAMS 0x0000000091000000, 0x0000000091000000| Untracked 
| 273|0x0000000091100000, 0x0000000091100000, 0x0000000091200000|  0%| F|  |TAMS 0x0000000091100000, 0x0000000091100000| Untracked 
| 274|0x0000000091200000, 0x0000000091200000, 0x0000000091300000|  0%| F|  |TAMS 0x0000000091200000, 0x0000000091200000| Untracked 
| 275|0x0000000091300000, 0x0000000091300000, 0x0000000091400000|  0%| F|  |TAMS 0x0000000091300000, 0x0000000091300000| Untracked 
| 276|0x0000000091400000, 0x0000000091400000, 0x0000000091500000|  0%| F|  |TAMS 0x0000000091400000, 0x0000000091400000| Untracked 
| 277|0x0000000091500000, 0x0000000091500000, 0x0000000091600000|  0%| F|  |TAMS 0x0000000091500000, 0x0000000091500000| Untracked 
| 278|0x0000000091600000, 0x0000000091600000, 0x0000000091700000|  0%| F|  |TAMS 0x0000000091600000, 0x0000000091600000| Untracked 
| 279|0x0000000091700000, 0x0000000091700000, 0x0000000091800000|  0%| F|  |TAMS 0x0000000091700000, 0x0000000091700000| Untracked 
| 280|0x0000000091800000, 0x0000000091800000, 0x0000000091900000|  0%| F|  |TAMS 0x0000000091800000, 0x0000000091800000| Untracked 
| 281|0x0000000091900000, 0x0000000091900000, 0x0000000091a00000|  0%| F|  |TAMS 0x0000000091900000, 0x0000000091900000| Untracked 
| 282|0x0000000091a00000, 0x0000000091a00000, 0x0000000091b00000|  0%| F|  |TAMS 0x0000000091a00000, 0x0000000091a00000| Untracked 
| 283|0x0000000091b00000, 0x0000000091b00000, 0x0000000091c00000|  0%| F|  |TAMS 0x0000000091b00000, 0x0000000091b00000| Untracked 
| 284|0x0000000091c00000, 0x0000000091c00000, 0x0000000091d00000|  0%| F|  |TAMS 0x0000000091c00000, 0x0000000091c00000| Untracked 
| 285|0x0000000091d00000, 0x0000000091d00000, 0x0000000091e00000|  0%| F|  |TAMS 0x0000000091d00000, 0x0000000091d00000| Untracked 
| 286|0x0000000091e00000, 0x0000000091e00000, 0x0000000091f00000|  0%| F|  |TAMS 0x0000000091e00000, 0x0000000091e00000| Untracked 
| 287|0x0000000091f00000, 0x0000000091f00000, 0x0000000092000000|  0%| F|  |TAMS 0x0000000091f00000, 0x0000000091f00000| Untracked 
| 288|0x0000000092000000, 0x0000000092000000, 0x0000000092100000|  0%| F|  |TAMS 0x0000000092000000, 0x0000000092000000| Untracked 
| 289|0x0000000092100000, 0x0000000092100000, 0x0000000092200000|  0%| F|  |TAMS 0x0000000092100000, 0x0000000092100000| Untracked 
| 290|0x0000000092200000, 0x0000000092200000, 0x0000000092300000|  0%| F|  |TAMS 0x0000000092200000, 0x0000000092200000| Untracked 
| 291|0x0000000092300000, 0x0000000092300000, 0x0000000092400000|  0%| F|  |TAMS 0x0000000092300000, 0x0000000092300000| Untracked 
| 292|0x0000000092400000, 0x0000000092400000, 0x0000000092500000|  0%| F|  |TAMS 0x0000000092400000, 0x0000000092400000| Untracked 
| 293|0x0000000092500000, 0x0000000092500000, 0x0000000092600000|  0%| F|  |TAMS 0x0000000092500000, 0x0000000092500000| Untracked 
| 294|0x0000000092600000, 0x0000000092600000, 0x0000000092700000|  0%| F|  |TAMS 0x0000000092600000, 0x0000000092600000| Untracked 
| 295|0x0000000092700000, 0x0000000092700000, 0x0000000092800000|  0%| F|  |TAMS 0x0000000092700000, 0x0000000092700000| Untracked 
| 296|0x0000000092800000, 0x0000000092800000, 0x0000000092900000|  0%| F|  |TAMS 0x0000000092800000, 0x0000000092800000| Untracked 
| 297|0x0000000092900000, 0x0000000092900000, 0x0000000092a00000|  0%| F|  |TAMS 0x0000000092900000, 0x0000000092900000| Untracked 
| 298|0x0000000092a00000, 0x0000000092a00000, 0x0000000092b00000|  0%| F|  |TAMS 0x0000000092a00000, 0x0000000092a00000| Untracked 
| 299|0x0000000092b00000, 0x0000000092b00000, 0x0000000092c00000|  0%| F|  |TAMS 0x0000000092b00000, 0x0000000092b00000| Untracked 
| 300|0x0000000092c00000, 0x0000000092c00000, 0x0000000092d00000|  0%| F|  |TAMS 0x0000000092c00000, 0x0000000092c00000| Untracked 
| 301|0x0000000092d00000, 0x0000000092d00000, 0x0000000092e00000|  0%| F|  |TAMS 0x0000000092d00000, 0x0000000092d00000| Untracked 
| 302|0x0000000092e00000, 0x0000000092e00000, 0x0000000092f00000|  0%| F|  |TAMS 0x0000000092e00000, 0x0000000092e00000| Untracked 
| 303|0x0000000092f00000, 0x0000000092f00000, 0x0000000093000000|  0%| F|  |TAMS 0x0000000092f00000, 0x0000000092f00000| Untracked 
| 304|0x0000000093000000, 0x0000000093000000, 0x0000000093100000|  0%| F|  |TAMS 0x0000000093000000, 0x0000000093000000| Untracked 
| 305|0x0000000093100000, 0x0000000093100000, 0x0000000093200000|  0%| F|  |TAMS 0x0000000093100000, 0x0000000093100000| Untracked 
| 306|0x0000000093200000, 0x0000000093200000, 0x0000000093300000|  0%| F|  |TAMS 0x0000000093200000, 0x0000000093200000| Untracked 
| 307|0x0000000093300000, 0x0000000093300000, 0x0000000093400000|  0%| F|  |TAMS 0x0000000093300000, 0x0000000093300000| Untracked 
| 308|0x0000000093400000, 0x0000000093400000, 0x0000000093500000|  0%| F|  |TAMS 0x0000000093400000, 0x0000000093400000| Untracked 
| 309|0x0000000093500000, 0x0000000093500000, 0x0000000093600000|  0%| F|  |TAMS 0x0000000093500000, 0x0000000093500000| Untracked 
| 310|0x0000000093600000, 0x0000000093600000, 0x0000000093700000|  0%| F|  |TAMS 0x0000000093600000, 0x0000000093600000| Untracked 
| 311|0x0000000093700000, 0x0000000093700000, 0x0000000093800000|  0%| F|  |TAMS 0x0000000093700000, 0x0000000093700000| Untracked 
| 312|0x0000000093800000, 0x0000000093800000, 0x0000000093900000|  0%| F|  |TAMS 0x0000000093800000, 0x0000000093800000| Untracked 
| 313|0x0000000093900000, 0x0000000093900000, 0x0000000093a00000|  0%| F|  |TAMS 0x0000000093900000, 0x0000000093900000| Untracked 
| 314|0x0000000093a00000, 0x0000000093a00000, 0x0000000093b00000|  0%| F|  |TAMS 0x0000000093a00000, 0x0000000093a00000| Untracked 
| 315|0x0000000093b00000, 0x0000000093b00000, 0x0000000093c00000|  0%| F|  |TAMS 0x0000000093b00000, 0x0000000093b00000| Untracked 
| 316|0x0000000093c00000, 0x0000000093c00000, 0x0000000093d00000|  0%| F|  |TAMS 0x0000000093c00000, 0x0000000093c00000| Untracked 
| 317|0x0000000093d00000, 0x0000000093d00000, 0x0000000093e00000|  0%| F|  |TAMS 0x0000000093d00000, 0x0000000093d00000| Untracked 
| 318|0x0000000093e00000, 0x0000000093e00000, 0x0000000093f00000|  0%| F|  |TAMS 0x0000000093e00000, 0x0000000093e00000| Untracked 
| 319|0x0000000093f00000, 0x0000000093f00000, 0x0000000094000000|  0%| F|  |TAMS 0x0000000093f00000, 0x0000000093f00000| Untracked 
| 320|0x0000000094000000, 0x0000000094000000, 0x0000000094100000|  0%| F|  |TAMS 0x0000000094000000, 0x0000000094000000| Untracked 
| 321|0x0000000094100000, 0x0000000094100000, 0x0000000094200000|  0%| F|  |TAMS 0x0000000094100000, 0x0000000094100000| Untracked 
| 322|0x0000000094200000, 0x0000000094200000, 0x0000000094300000|  0%| F|  |TAMS 0x0000000094200000, 0x0000000094200000| Untracked 
| 323|0x0000000094300000, 0x0000000094300000, 0x0000000094400000|  0%| F|  |TAMS 0x0000000094300000, 0x0000000094300000| Untracked 
| 324|0x0000000094400000, 0x0000000094500000, 0x0000000094500000|100%| O|  |TAMS 0x0000000094500000, 0x0000000094400000| Untracked 
| 325|0x0000000094500000, 0x0000000094600000, 0x0000000094600000|100%| O|  |TAMS 0x0000000094600000, 0x0000000094500000| Untracked 
| 326|0x0000000094600000, 0x0000000094700000, 0x0000000094700000|100%| O|  |TAMS 0x0000000094700000, 0x0000000094600000| Untracked 
| 327|0x0000000094700000, 0x0000000094800000, 0x0000000094800000|100%| O|  |TAMS 0x0000000094800000, 0x0000000094700000| Untracked 
| 328|0x0000000094800000, 0x0000000094900000, 0x0000000094900000|100%| O|  |TAMS 0x0000000094900000, 0x0000000094800000| Untracked 
| 329|0x0000000094900000, 0x0000000094a00000, 0x0000000094a00000|100%| O|  |TAMS 0x0000000094a00000, 0x0000000094900000| Untracked 
| 330|0x0000000094a00000, 0x0000000094b00000, 0x0000000094b00000|100%| O|  |TAMS 0x0000000094b00000, 0x0000000094a00000| Untracked 
| 331|0x0000000094b00000, 0x0000000094c00000, 0x0000000094c00000|100%| O|  |TAMS 0x0000000094c00000, 0x0000000094b00000| Untracked 
| 332|0x0000000094c00000, 0x0000000094d00000, 0x0000000094d00000|100%| O|  |TAMS 0x0000000094d00000, 0x0000000094c00000| Untracked 
| 333|0x0000000094d00000, 0x0000000094e00000, 0x0000000094e00000|100%| O|  |TAMS 0x0000000094e00000, 0x0000000094d00000| Complete 
| 334|0x0000000094e00000, 0x0000000094f00000, 0x0000000094f00000|100%| O|  |TAMS 0x0000000094f00000, 0x0000000094e00000| Complete 
| 335|0x0000000094f00000, 0x0000000095000000, 0x0000000095000000|100%| O|  |TAMS 0x0000000095000000, 0x0000000094f00000| Complete 
| 336|0x0000000095000000, 0x0000000095100000, 0x0000000095100000|100%| O|  |TAMS 0x0000000095100000, 0x0000000095000000| Untracked 
| 337|0x0000000095100000, 0x0000000095200000, 0x0000000095200000|100%| O|  |TAMS 0x0000000095200000, 0x0000000095100000| Untracked 
| 338|0x0000000095200000, 0x0000000095300000, 0x0000000095300000|100%| O|  |TAMS 0x0000000095300000, 0x0000000095200000| Untracked 
| 339|0x0000000095300000, 0x0000000095400000, 0x0000000095400000|100%| O|  |TAMS 0x0000000095400000, 0x0000000095300000| Untracked 
| 340|0x0000000095400000, 0x0000000095500000, 0x0000000095500000|100%| O|  |TAMS 0x0000000095500000, 0x0000000095400000| Complete 
| 341|0x0000000095500000, 0x0000000095600000, 0x0000000095600000|100%| O|  |TAMS 0x0000000095600000, 0x0000000095500000| Untracked 
| 342|0x0000000095600000, 0x0000000095700000, 0x0000000095700000|100%| O|  |TAMS 0x0000000095700000, 0x0000000095600000| Untracked 
| 343|0x0000000095700000, 0x0000000095800000, 0x0000000095800000|100%| O|  |TAMS 0x0000000095800000, 0x0000000095700000| Untracked 
| 344|0x0000000095800000, 0x0000000095900000, 0x0000000095900000|100%| O|  |TAMS 0x0000000095900000, 0x0000000095800000| Complete 
| 345|0x0000000095900000, 0x0000000095a00000, 0x0000000095a00000|100%| O|  |TAMS 0x0000000095a00000, 0x0000000095900000| Complete 
| 346|0x0000000095a00000, 0x0000000095b00000, 0x0000000095b00000|100%| O|  |TAMS 0x0000000095b00000, 0x0000000095a00000| Complete 
| 347|0x0000000095b00000, 0x0000000095c00000, 0x0000000095c00000|100%| O|  |TAMS 0x0000000095c00000, 0x0000000095b00000| Complete 
| 348|0x0000000095c00000, 0x0000000095d00000, 0x0000000095d00000|100%| O|  |TAMS 0x0000000095d00000, 0x0000000095c00000| Complete 
| 349|0x0000000095d00000, 0x0000000095e00000, 0x0000000095e00000|100%| O|  |TAMS 0x0000000095e00000, 0x0000000095d00000| Complete 
| 350|0x0000000095e00000, 0x0000000095f00000, 0x0000000095f00000|100%| O|  |TAMS 0x0000000095f00000, 0x0000000095e00000| Complete 
| 351|0x0000000095f00000, 0x0000000096000000, 0x0000000096000000|100%| O|  |TAMS 0x0000000096000000, 0x0000000095f00000| Complete 
| 352|0x0000000096000000, 0x0000000096100000, 0x0000000096100000|100%| O|  |TAMS 0x0000000096100000, 0x0000000096000000| Complete 
| 353|0x0000000096100000, 0x0000000096200000, 0x0000000096200000|100%| O|  |TAMS 0x0000000096200000, 0x0000000096100000| Complete 
| 354|0x0000000096200000, 0x0000000096300000, 0x0000000096300000|100%| O|  |TAMS 0x0000000096300000, 0x0000000096200000| Complete 
| 355|0x0000000096300000, 0x0000000096400000, 0x0000000096400000|100%| O|  |TAMS 0x0000000096400000, 0x0000000096300000| Complete 
| 356|0x0000000096400000, 0x0000000096500000, 0x0000000096500000|100%| O|  |TAMS 0x0000000096500000, 0x0000000096400000| Untracked 
| 357|0x0000000096500000, 0x0000000096600000, 0x0000000096600000|100%| O|  |TAMS 0x0000000096600000, 0x0000000096500000| Complete 
| 358|0x0000000096600000, 0x0000000096700000, 0x0000000096700000|100%| O|  |TAMS 0x0000000096700000, 0x0000000096600000| Complete 
| 359|0x0000000096700000, 0x0000000096800000, 0x0000000096800000|100%| O|  |TAMS 0x0000000096800000, 0x0000000096700000| Untracked 
| 360|0x0000000096800000, 0x0000000096900000, 0x0000000096900000|100%| O|  |TAMS 0x0000000096900000, 0x0000000096800000| Untracked 
| 361|0x0000000096900000, 0x0000000096a00000, 0x0000000096a00000|100%| O|  |TAMS 0x0000000096a00000, 0x0000000096900000| Untracked 
| 362|0x0000000096a00000, 0x0000000096b00000, 0x0000000096b00000|100%| O|  |TAMS 0x0000000096b00000, 0x0000000096a00000| Untracked 
| 363|0x0000000096b00000, 0x0000000096c00000, 0x0000000096c00000|100%| O|  |TAMS 0x0000000096c00000, 0x0000000096b00000| Untracked 

Card table byte_map: [0x000001e1fafd0000,0x000001e1fb3d0000] _byte_map_base: 0x000001e1fabd0000

Marking Bits (Prev, Next): (CMBitMap*) 0x000001e1f711e8f8, (CMBitMap*) 0x000001e1f711e930
 Prev Bits: [0x000001e1fb7d0000, 0x000001e1fd7d0000)
 Next Bits: [0x000001e1fd7d0000, 0x000001e1ff7d0000)

Polling page: 0x000001e1f68c0000

Metaspace:

Usage:
  Non-class:    137.99 MB capacity,   134.94 MB ( 98%) used,     2.50 MB (  2%) free+waste,   565.06 KB ( <1%) overhead. 
      Class:     20.18 MB capacity,    18.50 MB ( 92%) used,     1.44 MB (  7%) free+waste,   244.06 KB (  1%) overhead. 
       Both:    158.17 MB capacity,   153.44 MB ( 97%) used,     3.94 MB (  2%) free+waste,   809.13 KB ( <1%) overhead. 

Virtual space:
  Non-class space:      140.00 MB reserved,     138.17 MB ( 99%) committed 
      Class space:        1.00 GB reserved,      20.20 MB (  2%) committed 
             Both:        1.14 GB reserved,     158.37 MB ( 14%) committed 

Chunk freelists:
   Non-Class:  55.00 KB
       Class:  0 bytes
        Both:  55.00 KB

MaxMetaspaceSize: 17179869184.00 GB
CompressedClassSpaceSize: 1.00 GB

CodeHeap 'non-profiled nmethods': size=120064Kb used=24924Kb max_used=24924Kb free=95139Kb
 bounds [0x000001e187ac0000, 0x000001e189370000, 0x000001e18f000000]
CodeHeap 'profiled nmethods': size=120000Kb used=65363Kb max_used=65363Kb free=54636Kb
 bounds [0x000001e180590000, 0x000001e184750000, 0x000001e187ac0000]
CodeHeap 'non-nmethods': size=5696Kb used=2410Kb max_used=2490Kb free=3285Kb
 bounds [0x000001e180000000, 0x000001e180290000, 0x000001e180590000]
 total_blobs=28731 nmethods=27681 adapters=955
 compilation: enabled
              stopped_count=0, restarted_count=0
 full_count=0

Compilation events (20 events):
Event: 4171.758 Thread 0x000001e1ffcdc000 35359       3       com.android.tools.r8.graph.s$$Lambda$1787/0x0000000100f15840::accept (12 bytes)
Event: 4171.758 Thread 0x000001e1ffcdc000 nmethod 35359 0x000001e1827c3790 code [0x000001e1827c3960, 0x000001e1827c3b88]
Event: 4171.758 Thread 0x000001e1ffcdc000 35361       3       com.android.tools.r8.graph.z$$Lambda$1429/0x0000000100e25440::apply (14 bytes)
Event: 4171.758 Thread 0x000001e1ffcdc000 nmethod 35361 0x000001e1827cba10 code [0x000001e1827cbbe0, 0x000001e1827cbe88]
Event: 4171.758 Thread 0x000001e1ffcdc000 35360       3       com.android.tools.r8.graph.s::a (43 bytes)
Event: 4171.759 Thread 0x000001e1ffcdc000 nmethod 35360 0x000001e1827cb090 code [0x000001e1827cb280, 0x000001e1827cb7f8]
Event: 4171.760 Thread 0x000001e1ffcdc000 35363       3       com.android.tools.r8.graph.Z::a (102 bytes)
Event: 4171.761 Thread 0x000001e1ffcdc000 nmethod 35363 0x000001e1827cc310 code [0x000001e1827cc500, 0x000001e1827cc808]
Event: 4171.762 Thread 0x000001e1ffcdc000 35364       3       com.android.tools.r8.dex.o::a (46 bytes)
Event: 4171.763 Thread 0x000001e1ffcdc000 nmethod 35364 0x000001e1827d4690 code [0x000001e1827d4880, 0x000001e1827d4d88]
Event: 4171.765 Thread 0x000001e1ffcdc000 35366   !   3       com.android.tools.r8.graph.Z::c1 (62 bytes)
Event: 4171.768 Thread 0x000001e1ffcdc000 nmethod 35366 0x000001e182d5ba10 code [0x000001e182d5be00, 0x000001e182d5dbe8]
Event: 4171.806 Thread 0x000001e1ffcdc000 35372 %     3       com.android.tools.r8.naming.w$b::a @ 22 (88 bytes)
Event: 4171.808 Thread 0x000001e1ffcdc000 nmethod 35372% 0x000001e1828fc910 code [0x000001e1828fccc0, 0x000001e1828fe398]
Event: 4171.810 Thread 0x000001e1ffcdc000 35373       3       com.android.tools.r8.naming.w$b::a (88 bytes)
Event: 4171.812 Thread 0x000001e1ffcdc000 nmethod 35373 0x000001e182a19510 code [0x000001e182a198a0, 0x000001e182a1ae58]
Event: 4171.891 Thread 0x000001e1ffccf800 nmethod 35355% 0x000001e188cfbd90 code [0x000001e188cfc100, 0x000001e188cfea40]
Event: 4171.891 Thread 0x000001e1ffccf800 35368       4       com.android.tools.r8.graph.f0$w::equals (52 bytes)
Event: 4171.893 Thread 0x000001e1ffccf800 nmethod 35368 0x000001e188a81190 code [0x000001e188a81340, 0x000001e188a814b8]
Event: 4171.893 Thread 0x000001e1ffccf800 35375       4       com.android.tools.r8.naming.w$b::a (88 bytes)

GC Heap History (20 events):
Event: 4160.700 GC heap after
{Heap after GC invocations=187 (full 0):
 garbage-first heap   total 329728K, used 147829K [0x0000000080000000, 0x0000000100000000)
  region size 1024K, 5 young (5120K), 5 survivors (5120K)
 Metaspace       used 156348K, capacity 161097K, committed 161400K, reserved 1189888K
  class space    used 18878K, capacity 20572K, committed 20684K, reserved 1048576K
}
Event: 4162.394 GC heap before
{Heap before GC invocations=187 (full 0):
 garbage-first heap   total 329728K, used 273781K [0x0000000080000000, 0x0000000100000000)
  region size 1024K, 128 young (131072K), 5 survivors (5120K)
 Metaspace       used 156384K, capacity 161172K, committed 161400K, reserved 1189888K
  class space    used 18880K, capacity 20576K, committed 20684K, reserved 1048576K
}
Event: 4162.410 GC heap after
{Heap after GC invocations=188 (full 0):
 garbage-first heap   total 329728K, used 152298K [0x0000000080000000, 0x0000000100000000)
  region size 1024K, 9 young (9216K), 9 survivors (9216K)
 Metaspace       used 156384K, capacity 161172K, committed 161400K, reserved 1189888K
  class space    used 18880K, capacity 20576K, committed 20684K, reserved 1048576K
}
Event: 4164.039 GC heap before
{Heap before GC invocations=189 (full 0):
 garbage-first heap   total 329728K, used 278250K [0x0000000080000000, 0x0000000100000000)
  region size 1024K, 132 young (135168K), 9 survivors (9216K)
 Metaspace       used 156395K, capacity 161172K, committed 161400K, reserved 1189888K
  class space    used 18880K, capacity 20576K, committed 20684K, reserved 1048576K
}
Event: 4164.071 GC heap after
{Heap after GC invocations=190 (full 0):
 garbage-first heap   total 329728K, used 151122K [0x0000000080000000, 0x0000000100000000)
  region size 1024K, 7 young (7168K), 7 survivors (7168K)
 Metaspace       used 156395K, capacity 161172K, committed 161400K, reserved 1189888K
  class space    used 18880K, capacity 20576K, committed 20684K, reserved 1048576K
}
Event: 4165.180 GC heap before
{Heap before GC invocations=190 (full 0):
 garbage-first heap   total 329728K, used 281170K [0x0000000080000000, 0x0000000100000000)
  region size 1024K, 134 young (137216K), 7 survivors (7168K)
 Metaspace       used 156421K, capacity 161172K, committed 161400K, reserved 1189888K
  class space    used 18880K, capacity 20576K, committed 20684K, reserved 1048576K
}
Event: 4165.214 GC heap after
{Heap after GC invocations=191 (full 0):
 garbage-first heap   total 329728K, used 151809K [0x0000000080000000, 0x0000000100000000)
  region size 1024K, 8 young (8192K), 8 survivors (8192K)
 Metaspace       used 156421K, capacity 161172K, committed 161400K, reserved 1189888K
  class space    used 18880K, capacity 20576K, committed 20684K, reserved 1048576K
}
Event: 4166.457 GC heap before
{Heap before GC invocations=192 (full 0):
 garbage-first heap   total 329728K, used 281857K [0x0000000080000000, 0x0000000100000000)
  region size 1024K, 135 young (138240K), 8 survivors (8192K)
 Metaspace       used 156484K, capacity 161264K, committed 161400K, reserved 1189888K
  class space    used 18885K, capacity 20584K, committed 20684K, reserved 1048576K
}
Event: 4166.481 GC heap after
{Heap after GC invocations=193 (full 0):
 garbage-first heap   total 329728K, used 155572K [0x0000000080000000, 0x0000000100000000)
  region size 1024K, 12 young (12288K), 12 survivors (12288K)
 Metaspace       used 156484K, capacity 161264K, committed 161400K, reserved 1189888K
  class space    used 18885K, capacity 20584K, committed 20684K, reserved 1048576K
}
Event: 4166.534 GC heap before
{Heap before GC invocations=193 (full 0):
 garbage-first heap   total 329728K, used 155572K [0x0000000080000000, 0x0000000100000000)
  region size 1024K, 13 young (13312K), 12 survivors (12288K)
 Metaspace       used 156485K, capacity 161264K, committed 161400K, reserved 1189888K
  class space    used 18885K, capacity 20584K, committed 20684K, reserved 1048576K
}
Event: 4166.559 GC heap after
{Heap after GC invocations=194 (full 0):
 garbage-first heap   total 329728K, used 154994K [0x0000000080000000, 0x0000000100000000)
  region size 1024K, 9 young (9216K), 9 survivors (9216K)
 Metaspace       used 156485K, capacity 161264K, committed 161400K, reserved 1189888K
  class space    used 18885K, capacity 20584K, committed 20684K, reserved 1048576K
}
Event: 4168.107 GC heap before
{Heap before GC invocations=195 (full 0):
 garbage-first heap   total 329728K, used 312690K [0x0000000080000000, 0x0000000100000000)
  region size 1024K, 135 young (138240K), 9 survivors (9216K)
 Metaspace       used 156755K, capacity 161531K, committed 161656K, reserved 1189888K
  class space    used 18890K, capacity 20584K, committed 20684K, reserved 1048576K
}
Event: 4168.257 GC heap after
{Heap after GC invocations=196 (full 0):
 garbage-first heap   total 372736K, used 220959K [0x0000000080000000, 0x0000000100000000)
  region size 1024K, 17 young (17408K), 17 survivors (17408K)
 Metaspace       used 156755K, capacity 161531K, committed 161656K, reserved 1189888K
  class space    used 18890K, capacity 20584K, committed 20684K, reserved 1048576K
}
Event: 4168.282 GC heap before
{Heap before GC invocations=196 (full 0):
 garbage-first heap   total 372736K, used 221983K [0x0000000080000000, 0x0000000100000000)
  region size 1024K, 18 young (18432K), 17 survivors (17408K)
 Metaspace       used 156755K, capacity 161531K, committed 161656K, reserved 1189888K
  class space    used 18890K, capacity 20584K, committed 20684K, reserved 1048576K
}
Event: 4168.344 GC heap after
{Heap after GC invocations=197 (full 0):
 garbage-first heap   total 372736K, used 223232K [0x0000000080000000, 0x0000000100000000)
  region size 1024K, 2 young (2048K), 2 survivors (2048K)
 Metaspace       used 156755K, capacity 161531K, committed 161656K, reserved 1189888K
  class space    used 18890K, capacity 20584K, committed 20684K, reserved 1048576K
}
Event: 4169.156 GC heap before
{Heap before GC invocations=197 (full 0):
 garbage-first heap   total 372736K, used 289792K [0x0000000080000000, 0x0000000100000000)
  region size 1024K, 68 young (69632K), 2 survivors (2048K)
 Metaspace       used 157100K, capacity 161962K, committed 162168K, reserved 1191936K
  class space    used 18946K, capacity 20662K, committed 20684K, reserved 1048576K
}
Event: 4169.245 GC heap after
{Heap after GC invocations=198 (full 0):
 garbage-first heap   total 372736K, used 233984K [0x0000000080000000, 0x0000000100000000)
  region size 1024K, 9 young (9216K), 9 survivors (9216K)
 Metaspace       used 157100K, capacity 161962K, committed 162168K, reserved 1191936K
  class space    used 18946K, capacity 20662K, committed 20684K, reserved 1048576K
}
Event: 4171.207 GC heap before
{Heap before GC invocations=198 (full 0):
 garbage-first heap   total 372736K, used 310784K [0x0000000080000000, 0x0000000100000000)
  region size 1024K, 71 young (72704K), 9 survivors (9216K)
 Metaspace       used 157116K, capacity 161962K, committed 162168K, reserved 1191936K
  class space    used 18946K, capacity 20662K, committed 20684K, reserved 1048576K
}
Event: 4171.248 GC heap after
{Heap after GC invocations=199 (full 0):
 garbage-first heap   total 372736K, used 253570K [0x0000000080000000, 0x0000000100000000)
  region size 1024K, 5 young (5120K), 5 survivors (5120K)
 Metaspace       used 157116K, capacity 161962K, committed 162168K, reserved 1191936K
  class space    used 18946K, capacity 20662K, committed 20684K, reserved 1048576K
}
Event: 4171.916 GC heap before
{Heap before GC invocations=200 (full 0):
 garbage-first heap   total 372736K, used 301698K [0x0000000080000000, 0x0000000100000000)
  region size 1024K, 59 young (60416K), 5 survivors (5120K)
 Metaspace       used 157121K, capacity 161963K, committed 162168K, reserved 1191936K
  class space    used 18946K, capacity 20662K, committed 20684K, reserved 1048576K
}

Deoptimization events (20 events):
Event: 4171.445 Thread 0x000001e1a0f7c800 DEOPT PACKING pc=0x000001e188c8283c sp=0x0000004b4b7fdfa0
Event: 4171.445 Thread 0x000001e1a0f7c800 DEOPT UNPACKING pc=0x000001e1800278af sp=0x0000004b4b7fde80 mode 2
Event: 4171.445 Thread 0x000001e1a0f7c800 Uncommon trap: trap_request=0xffffffc6 fr.pc=0x000001e188c9bf60 relative=0x0000000000000a60
Event: 4171.445 Thread 0x000001e1a0f7c800 Uncommon trap: reason=bimorphic_or_optimized_type_check action=maybe_recompile pc=0x000001e188c9bf60 method=com.android.tools.r8.internal.DE$$Lambda$1527/0x0000000100e6f840.a(Ljava/lang/Object;Ljava/lang/Object;Lcom/android/tools/r8/internal/e8;)I @ 9 c2
Event: 4171.445 Thread 0x000001e1a0f7c800 DEOPT PACKING pc=0x000001e188c9bf60 sp=0x0000004b4b7fdf00
Event: 4171.445 Thread 0x000001e1a0f7c800 DEOPT UNPACKING pc=0x000001e1800278af sp=0x0000004b4b7fde70 mode 2
Event: 4171.522 Thread 0x000001e1a0f7c800 DEOPT PACKING pc=0x000001e1835ae15b sp=0x0000004b4b7fe090
Event: 4171.522 Thread 0x000001e1a0f7c800 DEOPT UNPACKING pc=0x000001e1800276ce sp=0x0000004b4b7fd5f8 mode 0
Event: 4171.637 Thread 0x000001e1a0f7c800 DEOPT PACKING pc=0x000001e1835ae067 sp=0x0000004b4b7fe360
Event: 4171.637 Thread 0x000001e1a0f7c800 DEOPT UNPACKING pc=0x000001e1800276ce sp=0x0000004b4b7fd8c8 mode 0
Event: 4171.649 Thread 0x000001e1a0f7c800 DEOPT PACKING pc=0x000001e1835ae15b sp=0x0000004b4b7fe360
Event: 4171.649 Thread 0x000001e1a0f7c800 DEOPT UNPACKING pc=0x000001e1800276ce sp=0x0000004b4b7fd8c8 mode 0
Event: 4171.652 Thread 0x000001e1a0f7c800 DEOPT PACKING pc=0x000001e1835ae067 sp=0x0000004b4b7fe360
Event: 4171.652 Thread 0x000001e1a0f7c800 DEOPT UNPACKING pc=0x000001e1800276ce sp=0x0000004b4b7fd8c8 mode 0
Event: 4171.660 Thread 0x000001e1a0f7c800 DEOPT PACKING pc=0x000001e1835ae15b sp=0x0000004b4b7fe360
Event: 4171.660 Thread 0x000001e1a0f7c800 DEOPT UNPACKING pc=0x000001e1800276ce sp=0x0000004b4b7fd8c8 mode 0
Event: 4171.730 Thread 0x000001e1a0f7c800 DEOPT PACKING pc=0x000001e1835ae15b sp=0x0000004b4b7fe360
Event: 4171.730 Thread 0x000001e1a0f7c800 DEOPT UNPACKING pc=0x000001e1800276ce sp=0x0000004b4b7fd8c8 mode 0
Event: 4171.752 Thread 0x000001e1a0f7c800 DEOPT PACKING pc=0x000001e1810bd588 sp=0x0000004b4b7fe360
Event: 4171.752 Thread 0x000001e1a0f7c800 DEOPT UNPACKING pc=0x000001e1800276ce sp=0x0000004b4b7fd8c8 mode 0

Classes redefined (0 events):
No events

Internal exceptions (20 events):
Event: 4132.521 Thread 0x000001e1923f0000 Exception <a 'sun/nio/fs/WindowsException'{0x000000008c7a1ac0}> (0x000000008c7a1ac0) thrown at [./src/hotspot/share/prims/jni.cpp, line 615]
Event: 4132.942 Thread 0x000001e1923eb800 Exception <a 'sun/nio/fs/WindowsException'{0x000000008dc811e0}> (0x000000008dc811e0) thrown at [./src/hotspot/share/prims/jni.cpp, line 615]
Event: 4134.505 Thread 0x000001e1923eb800 Exception <a 'sun/nio/fs/WindowsException'{0x000000008d64b898}> (0x000000008d64b898) thrown at [./src/hotspot/share/prims/jni.cpp, line 615]
Event: 4135.024 Thread 0x000001e196835000 Exception <a 'sun/nio/fs/WindowsException'{0x000000008d12f0b0}> (0x000000008d12f0b0) thrown at [./src/hotspot/share/prims/jni.cpp, line 615]
Event: 4135.117 Thread 0x000001e1923eb800 Exception <a 'sun/nio/fs/WindowsException'{0x000000008d0de7a0}> (0x000000008d0de7a0) thrown at [./src/hotspot/share/prims/jni.cpp, line 615]
Event: 4135.542 Thread 0x000001e1923eb800 Implicit null exception at 0x000001e188b2f89b to 0x000001e188b30054
Event: 4136.718 Thread 0x000001e1923ec000 Exception <a 'sun/nio/fs/WindowsException'{0x0000000090a617b0}> (0x0000000090a617b0) thrown at [./src/hotspot/share/prims/jni.cpp, line 615]
Event: 4136.773 Thread 0x000001e1923ec000 Exception <a 'sun/nio/fs/WindowsException'{0x00000000906b0cb8}> (0x00000000906b0cb8) thrown at [./src/hotspot/share/prims/jni.cpp, line 615]
Event: 4137.525 Thread 0x000001e196835000 Exception <a 'sun/nio/fs/WindowsException'{0x000000008d1eabc0}> (0x000000008d1eabc0) thrown at [./src/hotspot/share/prims/jni.cpp, line 615]
Event: 4137.581 Thread 0x000001e1923e9800 Exception <a 'sun/nio/fs/WindowsException'{0x000000008cc8c7e8}> (0x000000008cc8c7e8) thrown at [./src/hotspot/share/prims/jni.cpp, line 615]
Event: 4140.177 Thread 0x000001e1923e9800 Implicit null exception at 0x000001e187b6e370 to 0x000001e187b6e6cc
Event: 4141.702 Thread 0x000001e1923e9800 Implicit null exception at 0x000001e1890b1d1c to 0x000001e1890b6dbc
Event: 4156.615 Thread 0x000001e1923e9800 Implicit null exception at 0x000001e18921cfa2 to 0x000001e1892201e4
Event: 4159.213 Thread 0x000001e1923e9800 Exception <a 'java/lang/NoSuchMethodError'{0x0000000093bdfa78}: 'java.lang.Object java.lang.invoke.DirectMethodHandle$Holder.invokeSpecial(java.lang.Object, java.lang.Object, java.lang.Object, java.lang.Object, java.lang.Object, java.lang.Object, java.lang.Object, java.lang.Object, java.lang.Object, java.lang.Object, java.lang.Object)'> (0x0000000093bdfa78) thrown at [./src/hotspot/share/interpreter/linkResolver.cpp, line 773]
Event: 4159.221 Thread 0x000001e1923e9800 Exception <a 'java/lang/NoSuchMethodError'{0x0000000093beb328}: 'java.lang.Object java.lang.invoke.Invokers$Holder.linkToTargetMethod(java.lang.Object, java.lang.Object, java.lang.Object, java.lang.Object, java.lang.Object, java.lang.Object, java.lang.Object, java.lang.Object, java.lang.Object, java.lang.Object)'> (0x0000000093beb328) thrown at [./src/hotspot/share/interpreter/linkResolver.cpp, line 773]
Event: 4165.768 Thread 0x000001e1923e9800 Implicit null exception at 0x000001e18932ee39 to 0x000001e189331a00
Event: 4166.842 Thread 0x000001e1923e9800 Exception <a 'sun/nio/fs/WindowsException'{0x00000000930f7d50}> (0x00000000930f7d50) thrown at [./src/hotspot/share/prims/jni.cpp, line 615]
Event: 4167.357 Thread 0x000001e1a0f71000 Exception <a 'sun/nio/fs/WindowsException'{0x0000000092761d30}> (0x0000000092761d30) thrown at [./src/hotspot/share/prims/jni.cpp, line 615]
Event: 4168.630 Thread 0x000001e1a0f71000 Exception <a 'java/lang/IncompatibleClassChangeError'{0x00000000925ccc88}: Found class java.lang.Object, but interface was expected> (0x00000000925ccc88) thrown at [./src/hotspot/share/interpreter/linkResolver.cpp, line 839]
Event: 4168.734 Thread 0x000001e1a0f71000 Exception <a 'java/lang/NoSuchMethodError'{0x000000009237e750}: 'int java.lang.invoke.DirectMethodHandle$Holder.invokeSpecial(java.lang.Object, java.lang.Object, java.lang.Object, java.lang.Object, java.lang.Object, java.lang.Object)'> (0x000000009237e750) thrown at [./src/hotspot/share/interpreter/linkResolver.cpp, line 773]

Events (20 events):
Event: 4169.070 loading class com/android/tools/r8/graph/d0
Event: 4169.070 loading class com/android/tools/r8/graph/d0 done
Event: 4169.070 loading class com/android/tools/r8/graph/d0
Event: 4169.070 loading class com/android/tools/r8/graph/d0 done
Event: 4169.070 loading class com/android/tools/r8/graph/S0
Event: 4169.070 loading class com/android/tools/r8/graph/S0 done
Event: 4169.150 Executing VM operation: G1CollectForAllocation
Event: 4169.247 Executing VM operation: G1CollectForAllocation done
Event: 4169.265 Executing VM operation: BulkRevokeBias
Event: 4169.276 Executing VM operation: BulkRevokeBias done
Event: 4169.276 Thread 0x000001e195087800 Thread exited: 0x000001e195087800
Event: 4170.771 Thread 0x000001e1a0f79000 Thread added: 0x000001e1a0f79000
Event: 4171.134 Thread 0x000001e1a0f79000 Thread exited: 0x000001e1a0f79000
Event: 4171.206 Executing VM operation: G1CollectForAllocation
Event: 4171.248 Executing VM operation: G1CollectForAllocation done
Event: 4171.395 Executing VM operation: CGC_Operation
Event: 4171.441 Executing VM operation: CGC_Operation done
Event: 4171.757 Executing VM operation: CGC_Operation
Event: 4171.757 Executing VM operation: CGC_Operation done
Event: 4171.916 Executing VM operation: G1CollectForAllocation


Dynamic libraries:
0x00007ff737eb0000 - 0x00007ff737eba000 	C:\Program Files\Android\Android Studio1\jre\bin\java.exe
0x00007ff91e510000 - 0x00007ff91e705000 	C:\Windows\SYSTEM32\ntdll.dll
0x00007ff91d980000 - 0x00007ff91da3e000 	C:\Windows\System32\KERNEL32.DLL
0x00007ff91c1c0000 - 0x00007ff91c488000 	C:\Windows\System32\KERNELBASE.dll
0x00007ff91bf30000 - 0x00007ff91c030000 	C:\Windows\System32\ucrtbase.dll
0x00007ff917840000 - 0x00007ff917859000 	C:\Program Files\Android\Android Studio1\jre\bin\jli.dll
0x00007ff90c380000 - 0x00007ff90c397000 	C:\Program Files\Android\Android Studio1\jre\bin\VCRUNTIME140.dll
0x00007ff91d470000 - 0x00007ff91d611000 	C:\Windows\System32\USER32.dll
0x00007ff91c030000 - 0x00007ff91c052000 	C:\Windows\System32\win32u.dll
0x00007ff904a00000 - 0x00007ff904c9a000 	C:\Windows\WinSxS\amd64_microsoft.windows.common-controls_6595b64144ccf1df_6.0.19041.1110_none_60b5254171f9507e\COMCTL32.dll
0x00007ff91dff0000 - 0x00007ff91e01b000 	C:\Windows\System32\GDI32.dll
0x00007ff91c910000 - 0x00007ff91c9ae000 	C:\Windows\System32\msvcrt.dll
0x00007ff91bdc0000 - 0x00007ff91becb000 	C:\Windows\System32\gdi32full.dll
0x00007ff91c4c0000 - 0x00007ff91c55d000 	C:\Windows\System32\msvcp_win.dll
0x00007ff91c8e0000 - 0x00007ff91c910000 	C:\Windows\System32\IMM32.DLL
0x00007ff8fc040000 - 0x00007ff8fc0dd000 	C:\Program Files\Android\Android Studio1\jre\bin\msvcp140.dll
0x00007ff8f1080000 - 0x00007ff8f1b4f000 	C:\Program Files\Android\Android Studio1\jre\bin\server\jvm.dll
0x00007ff91cb70000 - 0x00007ff91cc1c000 	C:\Windows\System32\ADVAPI32.dll
0x00007ff91e020000 - 0x00007ff91e0bb000 	C:\Windows\System32\sechost.dll
0x00007ff91c9b0000 - 0x00007ff91cada000 	C:\Windows\System32\RPCRT4.dll
0x00007ff91e0c0000 - 0x00007ff91e0c8000 	C:\Windows\System32\PSAPI.DLL
0x00007ff90a3b0000 - 0x00007ff90a3b9000 	C:\Windows\SYSTEM32\WSOCK32.dll
0x00007ff91e160000 - 0x00007ff91e1cb000 	C:\Windows\System32\WS2_32.dll
0x00007ff90ce70000 - 0x00007ff90ce7a000 	C:\Windows\SYSTEM32\VERSION.dll
0x00007ff90d710000 - 0x00007ff90d737000 	C:\Windows\SYSTEM32\WINMM.dll
0x00007ff919b50000 - 0x00007ff919b62000 	C:\Windows\SYSTEM32\kernel.appcore.dll
0x00007ff8f9b10000 - 0x00007ff8f9b21000 	C:\Program Files\Android\Android Studio1\jre\bin\verify.dll
0x00007ff90d4d0000 - 0x00007ff90d6b4000 	C:\Windows\SYSTEM32\DBGHELP.DLL
0x00007ff90cc50000 - 0x00007ff90cc7c000 	C:\Windows\SYSTEM32\dbgcore.DLL
0x00007ff91bc30000 - 0x00007ff91bcb3000 	C:\Windows\System32\bcryptPrimitives.dll
0x00007ff8f1050000 - 0x00007ff8f1079000 	C:\Program Files\Android\Android Studio1\jre\bin\java.dll
0x00007ff909950000 - 0x00007ff90995b000 	C:\Program Files\Android\Android Studio1\jre\bin\jimage.dll
0x00007ff8f1030000 - 0x00007ff8f1048000 	C:\Program Files\Android\Android Studio1\jre\bin\zip.dll
0x00007ff91cc80000 - 0x00007ff91d3bf000 	C:\Windows\System32\SHELL32.dll
0x00007ff919d50000 - 0x00007ff91a4e0000 	C:\Windows\SYSTEM32\windows.storage.dll
0x00007ff91c560000 - 0x00007ff91c8b5000 	C:\Windows\System32\combase.dll
0x00007ff91b5b0000 - 0x00007ff91b5de000 	C:\Windows\SYSTEM32\Wldp.dll
0x00007ff91d3c0000 - 0x00007ff91d46d000 	C:\Windows\System32\SHCORE.dll
0x00007ff91cc20000 - 0x00007ff91cc75000 	C:\Windows\System32\shlwapi.dll
0x00007ff91bb70000 - 0x00007ff91bb8f000 	C:\Windows\SYSTEM32\profapi.dll
0x00007ff8f1010000 - 0x00007ff8f102a000 	C:\Program Files\Android\Android Studio1\jre\bin\net.dll
0x00007ff90fb50000 - 0x00007ff90fc5c000 	C:\Windows\SYSTEM32\WINHTTP.dll
0x00007ff91b310000 - 0x00007ff91b37a000 	C:\Windows\system32\mswsock.dll
0x00007ff8f0ff0000 - 0x00007ff8f1004000 	C:\Program Files\Android\Android Studio1\jre\bin\nio.dll
0x00007ff9178d0000 - 0x00007ff9178f7000 	C:\Users\sohel\.gradle\native\8bec1ad78214c89d9ad589b4d07fe93259594b29d510b10fafb7a158f7737e5d\windows-amd64\native-platform.dll
0x00007ff8caad0000 - 0x00007ff8cac0d000 	C:\Users\sohel\.gradle\native\53dbd7edfb1c66fb8903c78663c9afc45aea4f116125fa6feffd364cf09443e8\windows-amd64\native-platform-file-events.dll
0x00007ff909070000 - 0x00007ff90907a000 	C:\Program Files\Android\Android Studio1\jre\bin\management.dll
0x00007ff907430000 - 0x00007ff90743c000 	C:\Program Files\Android\Android Studio1\jre\bin\management_ext.dll
0x00007ff91b500000 - 0x00007ff91b518000 	C:\Windows\SYSTEM32\CRYPTSP.dll
0x00007ff91ac90000 - 0x00007ff91acc4000 	C:\Windows\system32\rsaenh.dll
0x00007ff91c490000 - 0x00007ff91c4b7000 	C:\Windows\System32\bcrypt.dll
0x00007ff91bb30000 - 0x00007ff91bb5e000 	C:\Windows\SYSTEM32\USERENV.dll
0x00007ff91b520000 - 0x00007ff91b52c000 	C:\Windows\SYSTEM32\CRYPTBASE.dll
0x00007ff91b000000 - 0x00007ff91b03b000 	C:\Windows\SYSTEM32\IPHLPAPI.DLL
0x00007ff91e150000 - 0x00007ff91e158000 	C:\Windows\System32\NSI.dll
0x00007ff915c20000 - 0x00007ff915c37000 	C:\Windows\SYSTEM32\dhcpcsvc6.DLL
0x00007ff915fd0000 - 0x00007ff915fed000 	C:\Windows\SYSTEM32\dhcpcsvc.DLL
0x00007ff91b040000 - 0x00007ff91b10b000 	C:\Windows\SYSTEM32\DNSAPI.dll
0x00007ff912820000 - 0x00007ff912847000 	C:\Program Files\Android\Android Studio1\jre\bin\sunec.dll
0x00007ff90efa0000 - 0x00007ff90efaa000 	C:\Windows\System32\rasadhlp.dll
0x00007ff90fa70000 - 0x00007ff90faef000 	C:\Windows\System32\fwpuclnt.dll
0x00007ff91a920000 - 0x00007ff91a953000 	C:\Windows\SYSTEM32\ntmarta.dll

dbghelp: loaded successfully - version: 4.0.5 - missing functions: none
symbol engine: initialized successfully - sym options: 0x614 - pdb path: .;C:\Program Files\Android\Android Studio1\jre\bin;C:\Windows\SYSTEM32;C:\Windows\WinSxS\amd64_microsoft.windows.common-controls_6595b64144ccf1df_6.0.19041.1110_none_60b5254171f9507e;C:\Program Files\Android\Android Studio1\jre\bin\server;C:\Users\sohel\.gradle\native\8bec1ad78214c89d9ad589b4d07fe93259594b29d510b10fafb7a158f7737e5d\windows-amd64;C:\Users\sohel\.gradle\native\53dbd7edfb1c66fb8903c78663c9afc45aea4f116125fa6feffd364cf09443e8\windows-amd64

VM Arguments:
jvm_args: --add-opens=java.base/java.util=ALL-UNNAMED --add-opens=java.base/java.lang=ALL-UNNAMED --add-opens=java.base/java.lang.invoke=ALL-UNNAMED --add-opens=java.base/java.util=ALL-UNNAMED --add-opens=java.prefs/java.util.prefs=ALL-UNNAMED --add-opens=java.prefs/java.util.prefs=ALL-UNNAMED --add-opens=java.base/java.nio.charset=ALL-UNNAMED --add-opens=java.base/java.net=ALL-UNNAMED --add-opens=java.base/java.util.concurrent.atomic=ALL-UNNAMED -Xmx2048m -Dfile.encoding=UTF-8 -Duser.country=US -Duser.language=en -Duser.variant 
java_command: org.gradle.launcher.daemon.bootstrap.GradleDaemon 7.0.2
java_class_path (initial): C:\Users\sohel\.gradle\wrapper\dists\gradle-7.0.2-bin\857tjihv64xamwrf0h14cai3r\gradle-7.0.2\lib\gradle-launcher-7.0.2.jar
Launcher Type: SUN_STANDARD

[Global flags]
     intx CICompilerCount                          = 3                                         {product} {ergonomic}
     uint ConcGCThreads                            = 1                                         {product} {ergonomic}
     uint G1ConcRefinementThreads                  = 4                                         {product} {ergonomic}
   size_t G1HeapRegionSize                         = 1048576                                   {product} {ergonomic}
    uintx GCDrainStackTargetSize                   = 64                                        {product} {ergonomic}
   size_t InitialHeapSize                          = 134217728                                 {product} {ergonomic}
   size_t MarkStackSize                            = 4194304                                   {product} {ergonomic}
   size_t MaxHeapSize                              = 2147483648                                {product} {command line}
   size_t MaxNewSize                               = 1287651328                                {product} {ergonomic}
   size_t MinHeapDeltaBytes                        = 1048576                                   {product} {ergonomic}
    uintx NonNMethodCodeHeapSize                   = 5830732                                {pd product} {ergonomic}
    uintx NonProfiledCodeHeapSize                  = 122913754                              {pd product} {ergonomic}
    uintx ProfiledCodeHeapSize                     = 122913754                              {pd product} {ergonomic}
    uintx ReservedCodeCacheSize                    = 251658240                              {pd product} {ergonomic}
     bool SegmentedCodeCache                       = true                                      {product} {ergonomic}
     bool UseCompressedClassPointers               = true                                 {lp64_product} {ergonomic}
     bool UseCompressedOops                        = true                                 {lp64_product} {ergonomic}
     bool UseG1GC                                  = true                                      {product} {ergonomic}
     bool UseLargePagesIndividualAllocation        = false                                  {pd product} {ergonomic}

Logging:
Log output configuration:
 #0: stdout all=warning uptime,level,tags
 #1: stderr all=off uptime,level,tags

Environment Variables:
PATH=C:\Program Files (x86)\Common Files\Oracle\Java\javapath;C:\Windows\system32;C:\Windows;C:\Windows\System32\Wbem;C:\Windows\System32\WindowsPowerShell\v1.0\;C:\Windows\System32\OpenSSH\;C:\Program Files\Git\cmd;C:\Program Files\nodejs\;C:\Program Files\Dart\dart-sdk\bin;C:\Users\sohel\AppData\Local\Microsoft\WindowsApps;;C:\Users\sohel\AppData\Local\Programs\Microsoft VS Code\bin;C:\Users\sohel\AppData\Roaming\npm
USERNAME=sohel
OS=Windows_NT
PROCESSOR_IDENTIFIER=Intel64 Family 6 Model 60 Stepping 3, GenuineIntel



---------------  S Y S T E M  ---------------

OS: Windows 10 , 64 bit Build 19041 (10.0.19041.1348)
OS uptime: 0 days 3:36 hours

CPU:total 4 (initial active 4) (2 cores per cpu, 2 threads per core) family 6 model 60 stepping 3 microcode 0x27, cmov, cx8, fxsr, mmx, sse, sse2, sse3, ssse3, sse4.1, sse4.2, popcnt, avx, avx2, aes, clmul, erms, lzcnt, ht, tsc, tscinvbit, bmi1, bmi2, fma

Memory: 4k page, system-wide physical 8092M (331M free)
TotalPageFile size 14092M (AvailPageFile size 36M)
current process WorkingSet (physical memory assigned to process): 562M, peak: 622M
current process commit charge ("private bytes"): 856M, peak: 966M

vm_info: OpenJDK 64-Bit Server VM (11.0.10+0-b96-7249189) for windows-amd64 JRE (11.0.10+0-b96-7249189), built on Mar 31 2021 21:44:00 by "builder" with MS VC++ 14.0 (VS2015)

END.
